This is pdfTeX, Version 3.1415926-2.4-1.40.13 (MiKTeX 2.9 64-bit) (preloaded format=pdflatex 2013.10.25)  20 MAR 2014 16:03
entering extended mode
**ccn_assignment2.tex

("C:\Users\Ashley\University git\dissertation\dissertation\CCN\ccn_assignment2.
tex"
LaTeX2e <2011/06/27>
Babel <v3.8m> and hyphenation patterns for english, afrikaans, ancientgreek, ar
abic, armenian, assamese, basque, bengali, bokmal, bulgarian, catalan, coptic, 
croatian, czech, danish, dutch, esperanto, estonian, farsi, finnish, french, ga
lician, german, german-x-2012-05-30, greek, gujarati, hindi, hungarian, iceland
ic, indonesian, interlingua, irish, italian, kannada, kurmanji, latin, latvian,
 lithuanian, malayalam, marathi, mongolian, mongolianlmc, monogreek, ngerman, n
german-x-2012-05-30, nynorsk, oriya, panjabi, pinyin, polish, portuguese, roman
ian, russian, sanskrit, serbian, slovak, slovenian, spanish, swedish, swissgerm
an, tamil, telugu, turkish, turkmen, ukenglish, ukrainian, uppersorbian, usengl
ishmax, welsh, loaded.
("C:\Program Files\MiKTeX 2.9\tex\latex\base\report.cls"
Document Class: report 2007/10/19 v1.4h Standard LaTeX document class
("C:\Program Files\MiKTeX 2.9\tex\latex\base\size11.clo"
File: size11.clo 2007/10/19 v1.4h Standard LaTeX file (size option)
)
\c@part=\count79
\c@chapter=\count80
\c@section=\count81
\c@subsection=\count82
\c@subsubsection=\count83
\c@paragraph=\count84
\c@subparagraph=\count85
\c@figure=\count86
\c@table=\count87
\abovecaptionskip=\skip41
\belowcaptionskip=\skip42
\bibindent=\dimen102
)
("C:\Program Files\MiKTeX 2.9\tex\latex\preprint\fullpage.sty"
Package: fullpage 1999/02/23 1.1 (PWD)
\FP@margin=\skip43
)
("C:\Program Files\MiKTeX 2.9\tex\latex\graphics\graphicx.sty"
Package: graphicx 1999/02/16 v1.0f Enhanced LaTeX Graphics (DPC,SPQR)

("C:\Program Files\MiKTeX 2.9\tex\latex\graphics\keyval.sty"
Package: keyval 1999/03/16 v1.13 key=value parser (DPC)
\KV@toks@=\toks14
)
("C:\Program Files\MiKTeX 2.9\tex\latex\graphics\graphics.sty"
Package: graphics 2009/02/05 v1.0o Standard LaTeX Graphics (DPC,SPQR)

("C:\Program Files\MiKTeX 2.9\tex\latex\graphics\trig.sty"
Package: trig 1999/03/16 v1.09 sin cos tan (DPC)
)
("C:\Program Files\MiKTeX 2.9\tex\latex\00miktex\graphics.cfg"
File: graphics.cfg 2007/01/18 v1.5 graphics configuration of teTeX/TeXLive
)
Package graphics Info: Driver file: pdftex.def on input line 91.

("C:\Program Files\MiKTeX 2.9\tex\latex\pdftex-def\pdftex.def"
File: pdftex.def 2011/05/27 v0.06d Graphics/color for pdfTeX

("C:\Program Files\MiKTeX 2.9\tex\generic\oberdiek\infwarerr.sty"
Package: infwarerr 2010/04/08 v1.3 Providing info/warning/error messages (HO)
)
("C:\Program Files\MiKTeX 2.9\tex\generic\oberdiek\ltxcmds.sty"
Package: ltxcmds 2011/11/09 v1.22 LaTeX kernel commands for general use (HO)
)
\Gread@gobject=\count88
))
\Gin@req@height=\dimen103
\Gin@req@width=\dimen104
)
("C:\Program Files\MiKTeX 2.9\tex\latex\float\float.sty"
Package: float 2001/11/08 v1.3d Float enhancements (AL)
\c@float@type=\count89
\float@exts=\toks15
\float@box=\box26
\@float@everytoks=\toks16
\@floatcapt=\box27
)
\@float@every@table=\toks17

("C:\Users\Ashley\University git\dissertation\dissertation\CCN\ccn_assignment2.
aux"

LaTeX Warning: Label `4' multiply defined.


LaTeX Warning: Label `p1_1_3' multiply defined.

)
LaTeX Font Info:    Checking defaults for OML/cmm/m/it on input line 10.
LaTeX Font Info:    ... okay on input line 10.
LaTeX Font Info:    Checking defaults for T1/cmr/m/n on input line 10.
LaTeX Font Info:    ... okay on input line 10.
LaTeX Font Info:    Checking defaults for OT1/cmr/m/n on input line 10.
LaTeX Font Info:    ... okay on input line 10.
LaTeX Font Info:    Checking defaults for OMS/cmsy/m/n on input line 10.
LaTeX Font Info:    ... okay on input line 10.
LaTeX Font Info:    Checking defaults for OMX/cmex/m/n on input line 10.
LaTeX Font Info:    ... okay on input line 10.
LaTeX Font Info:    Checking defaults for U/cmr/m/n on input line 10.
LaTeX Font Info:    ... okay on input line 10.
 ("C:\Program Files\MiKTeX 2.9\tex\context\base\supp-pdf.mkii"
[Loading MPS to PDF converter (version 2006.09.02).]
\scratchcounter=\count90
\scratchdimen=\dimen105
\scratchbox=\box28
\nofMPsegments=\count91
\nofMParguments=\count92
\everyMPshowfont=\toks18
\MPscratchCnt=\count93
\MPscratchDim=\dimen106
\MPnumerator=\count94
\makeMPintoPDFobject=\count95
\everyMPtoPDFconversion=\toks19
)
LaTeX Font Info:    External font `cmex10' loaded for size
(Font)              <12> on input line 11.
LaTeX Font Info:    External font `cmex10' loaded for size
(Font)              <8> on input line 11.
LaTeX Font Info:    External font `cmex10' loaded for size
(Font)              <6> on input line 11.


LaTeX Warning: No \author given.

[1


{C:/ProgramData/MiKTeX/2.9/pdftex/config/pdftex.map}]
Chapter 1.
LaTeX Font Info:    External font `cmex10' loaded for size
(Font)              <10.95> on input line 15.
<assignment2_images/p1_1_1.png, id=7, 449.68pt x 337.26pt>
File: assignment2_images/p1_1_1.png Graphic file (type png)

<use assignment2_images/p1_1_1.png>
Package pdftex.def Info: assignment2_images/p1_1_1.png used on input line 19.
(pdftex.def)             Requested size: 256.0748pt x 192.06522pt.

Overfull \hbox (26.1973pt too wide) in paragraph at lines 19--20
 [][] 
 []

<assignment2_images/p1_1_2.png, id=8, 449.68pt x 337.26pt>
File: assignment2_images/p1_1_2.png Graphic file (type png)

<use assignment2_images/p1_1_2.png>
Package pdftex.def Info: assignment2_images/p1_1_2.png used on input line 26.
(pdftex.def)             Requested size: 256.0748pt x 192.06522pt.

Overfull \hbox (26.1973pt too wide) in paragraph at lines 26--27
 [][] 
 []


Underfull \vbox (badness 10000) has occurred while \output is active []


<assignment2_images/p1_1_3.png, id=9, 449.68pt x 337.26pt>
File: assignment2_images/p1_1_3.png Graphic file (type png)

<use assignment2_images/p1_1_3.png>
Package pdftex.def Info: assignment2_images/p1_1_3.png used on input line 33.
(pdftex.def)             Requested size: 256.0748pt x 192.06522pt.

Overfull \hbox (26.1973pt too wide) in paragraph at lines 33--34
 [][] 
 []

<assignment2_images/part1_neg.png, id=10, 449.68pt x 337.26pt>
File: assignment2_images/part1_neg.png Graphic file (type png)

<use assignment2_images/part1_neg.png>
Package pdftex.def Info: assignment2_images/part1_neg.png used on input line 40
.
(pdftex.def)             Requested size: 256.0748pt x 192.06522pt.

Overfull \hbox (26.1973pt too wide) in paragraph at lines 40--41
 [][] 
 []

[1


 <C:/Users/Ashley/University git/dissertation/dissertation/CCN/assignment2_imag
es/p1_1_1.png (PNG copy)> <C:/Users/Ashley/University git/dissertation/disserta
tion/CCN/assignment2_images/p1_1_2.png (PNG copy)> <C:/Users/Ashley/University 
git/dissertation/dissertation/CCN/assignment2_images/p1_1_3.png (PNG copy)>]
<assignment2_images/p2/1.png, id=17, 449.68pt x 337.26pt>
File: assignment2_images/p2/1.png Graphic file (type png)

<use assignment2_images/p2/1.png>
Package pdftex.def Info: assignment2_images/p2/1.png used on input line 53.
(pdftex.def)             Requested size: 256.0748pt x 192.06522pt.

Overfull \hbox (26.1973pt too wide) in paragraph at lines 53--54
 [][] 
 []

<assignment2_images/p2/2.png, id=18, 449.68pt x 337.26pt>
File: assignment2_images/p2/2.png Graphic file (type png)

<use assignment2_images/p2/2.png>
Package pdftex.def Info: assignment2_images/p2/2.png used on input line 60.
(pdftex.def)             Requested size: 256.0748pt x 192.06522pt.

Overfull \hbox (26.1973pt too wide) in paragraph at lines 60--61
 [][] 
 []

<assignment2_images/p2/3.png, id=19, 449.68pt x 337.26pt>
File: assignment2_images/p2/3.png Graphic file (type png)

<use assignment2_images/p2/3.png>
Package pdftex.def Info: assignment2_images/p2/3.png used on input line 67.
(pdftex.def)             Requested size: 256.0748pt x 192.06522pt.

Overfull \hbox (26.1973pt too wide) in paragraph at lines 67--68
 [][] 
 []

<assignment2_images/p2/4.png, id=20, 449.68pt x 337.26pt>
File: assignment2_images/p2/4.png Graphic file (type png)

<use assignment2_images/p2/4.png>
Package pdftex.def Info: assignment2_images/p2/4.png used on input line 74.
(pdftex.def)             Requested size: 256.0748pt x 192.06522pt.

Overfull \hbox (26.1973pt too wide) in paragraph at lines 74--75
 [][] 
 []

<assignment2_images/p2/5.png, id=21, 449.68pt x 337.26pt>
File: assignment2_images/p2/5.png Graphic file (type png)

<use assignment2_images/p2/5.png>
Package pdftex.def Info: assignment2_images/p2/5.png used on input line 81.
(pdftex.def)             Requested size: 256.0748pt x 192.06522pt.

Overfull \hbox (26.1973pt too wide) in paragraph at lines 81--82
 [][] 
 []


LaTeX Warning: Reference `5' on page 2 undefined on input line 87.

[2 <C:/Users/Ashley/University git/dissertation/dissertation/CCN/assignment2_im
ages/part1_neg.png (PNG copy)> <C:/Users/Ashley/University git/dissertation/dis
sertation/CCN/assignment2_images/p2/1.png (PNG copy)> <C:/Users/Ashley/Universi
ty git/dissertation/dissertation/CCN/assignment2_images/p2/2.png (PNG copy)>]
<assignment2_images/p1_3_1a.png, id=25, 449.68pt x 337.26pt>
File: assignment2_images/p1_3_1a.png Graphic file (type png)

<use assignment2_images/p1_3_1a.png>
Package pdftex.def Info: assignment2_images/p1_3_1a.png used on input line 94.
(pdftex.def)             Requested size: 256.0748pt x 192.06522pt.

Overfull \hbox (26.1973pt too wide) in paragraph at lines 94--95
 [][] 
 []


Underfull \vbox (badness 10000) has occurred while \output is active []

 [3 <C:/Users/Ashley/University git/dissertation/dissertation/CCN/assignment2_i
mages/p2/3.png (PNG copy)> <C:/Users/Ashley/University git/dissertation/dissert
ation/CCN/assignment2_images/p2/4.png (PNG copy)> <C:/Users/Ashley/University g
it/dissertation/dissertation/CCN/assignment2_images/p2/5.png (PNG copy)>]
<assignment2_images/p1_3_2a.png, id=30, 449.68pt x 337.26pt>
File: assignment2_images/p1_3_2a.png Graphic file (type png)

<use assignment2_images/p1_3_2a.png>
Package pdftex.def Info: assignment2_images/p1_3_2a.png used on input line 101.

(pdftex.def)             Requested size: 256.0748pt x 192.06522pt.

Overfull \hbox (26.1973pt too wide) in paragraph at lines 101--102
 [][] 
 []

<assignment2_images/p1_3_3a.png, id=31, 449.68pt x 337.26pt>
File: assignment2_images/p1_3_3a.png Graphic file (type png)

<use assignment2_images/p1_3_3a.png>
Package pdftex.def Info: assignment2_images/p1_3_3a.png used on input line 110.

(pdftex.def)             Requested size: 256.0748pt x 192.06522pt.

Overfull \hbox (26.1973pt too wide) in paragraph at lines 110--111
 [][] 
 []


Underfull \vbox (badness 10000) has occurred while \output is active []


<assignment2_images/p1_3_4a.png, id=32, 449.68pt x 337.26pt>
File: assignment2_images/p1_3_4a.png Graphic file (type png)

<use assignment2_images/p1_3_4a.png>
Package pdftex.def Info: assignment2_images/p1_3_4a.png used on input line 117.

(pdftex.def)             Requested size: 256.0748pt x 192.06522pt.

Overfull \hbox (26.1973pt too wide) in paragraph at lines 117--118
 [][] 
 []

[4 <C:/Users/Ashley/University git/dissertation/dissertation/CCN/assignment2_im
ages/p1_3_1a.png (PNG copy)> <C:/Users/Ashley/University git/dissertation/disse
rtation/CCN/assignment2_images/p1_3_2a.png (PNG copy)> <C:/Users/Ashley/Univers
ity git/dissertation/dissertation/CCN/assignment2_images/p1_3_3a.png (PNG copy)
> <C:/Users/Ashley/University git/dissertation/dissertation/CCN/assignment2_ima
ges/p1_3_4a.png (PNG copy)>] [5

]
Chapter 2.
<assignment2_images/part2_a.png, id=41, 449.68pt x 337.26pt>
File: assignment2_images/part2_a.png Graphic file (type png)

<use assignment2_images/part2_a.png>
Package pdftex.def Info: assignment2_images/part2_a.png used on input line 145.

(pdftex.def)             Requested size: 256.0748pt x 192.06522pt.

Overfull \hbox (26.1973pt too wide) in paragraph at lines 145--146
 [][] 
 []

<assignment2_images/pa.png, id=42, 449.68pt x 337.26pt>
File: assignment2_images/pa.png Graphic file (type png)

<use assignment2_images/pa.png>
Package pdftex.def Info: assignment2_images/pa.png used on input line 154.
(pdftex.def)             Requested size: 256.0748pt x 192.06522pt.

Overfull \hbox (26.1973pt too wide) in paragraph at lines 154--155
 [][] 
 []


Underfull \vbox (badness 5681) has occurred while \output is active []


<assignment2_images/p_av_2.png, id=43, 449.68pt x 337.26pt>
File: assignment2_images/p_av_2.png Graphic file (type png)

<use assignment2_images/p_av_2.png>
Package pdftex.def Info: assignment2_images/p_av_2.png used on input line 164.
(pdftex.def)             Requested size: 256.0748pt x 192.06522pt.

Overfull \hbox (26.1973pt too wide) in paragraph at lines 164--165
 [][] 
 []


Underfull \vbox (badness 10000) has occurred while \output is active []

 [6

 <C:/Users/Ashley/University git/dissertation/dissertation/CCN/assignment2_imag
es/part2_a.png (PNG copy)> <C:/Users/Ashley/University git/dissertation/dissert
ation/CCN/assignment2_images/pa.png (PNG copy)>]
<assignment2_images/p_av_3.png, id=48, 449.68pt x 337.26pt>
File: assignment2_images/p_av_3.png Graphic file (type png)

<use assignment2_images/p_av_3.png>
Package pdftex.def Info: assignment2_images/p_av_3.png used on input line 171.
(pdftex.def)             Requested size: 256.0748pt x 192.06522pt.

Overfull \hbox (26.1973pt too wide) in paragraph at lines 171--172
 [][] 
 []

<assignment2_images/p_av_4.png, id=49, 449.68pt x 337.26pt>
File: assignment2_images/p_av_4.png Graphic file (type png)

<use assignment2_images/p_av_4.png>
Package pdftex.def Info: assignment2_images/p_av_4.png used on input line 178.
(pdftex.def)             Requested size: 256.0748pt x 192.06522pt.

Overfull \hbox (26.1973pt too wide) in paragraph at lines 178--179
 [][] 
 []


Underfull \vbox (badness 10000) has occurred while \output is active []

 [7 <C:/Users/Ashley/University git/dissertation/dissertation/CCN/assignment2_i
mages/p_av_2.png (PNG copy)> <C:/Users/Ashley/University git/dissertation/disse
rtation/CCN/assignment2_images/p_av_3.png (PNG copy)> <C:/Users/Ashley/Universi
ty git/dissertation/dissertation/CCN/assignment2_images/p_av_4.png (PNG copy)>]
 [8


]
("C:\Users\Ashley\University git\dissertation\dissertation\CCN\ccn_assignment2.
aux")

LaTeX Warning: There were undefined references.


LaTeX Warning: There were multiply-defined labels.

 ) 
Here is how much of TeX's memory you used:
 1347 strings out of 493921
 19220 string characters out of 3147278
 69016 words of memory out of 3000000
 4654 multiletter control sequences out of 15000+200000
 9716 words of font info for 34 fonts, out of 3000000 for 9000
 841 hyphenation exceptions out of 8191
 27i,6n,19p,746b,212s stack positions out of 5000i,500n,10000p,200000b,50000s
<C:/Program Files/MiKTeX 2.9/fonts/type1/public/amsfonts/cm/cmbx10.pfb><C:/Pr
ogram Files/MiKTeX 2.9/fonts/type1/public/amsfonts/cm/cmbx12.pfb><C:/Program Fi
les/MiKTeX 2.9/fonts/type1/public/amsfonts/cm/cmmi10.pfb><C:/Program Files/MiKT
eX 2.9/fonts/type1/public/amsfonts/cm/cmr10.pfb><C:/Program Files/MiKTeX 2.9/fo
nts/type1/public/amsfonts/cm/cmr12.pfb><C:/Program Files/MiKTeX 2.9/fonts/type1
/public/amsfonts/cm/cmr17.pfb><C:/Program Files/MiKTeX 2.9/fonts/type1/public/a
msfonts/cm/cmr8.pfb><C:/Program Files/MiKTeX 2.9/fonts/type1/public/amsfonts/cm
/cmsy10.pfb>
Output written on ccn_assignment2.pdf (9 pages, 174924 bytes).
PDF statistics:
 82 PDF objects out of 1000 (max. 8388607)
 0 named destinations out of 1000 (max. 500000)
 91 words of extra memory for PDF output out of 10000 (max. 10000000)

