This is pdfTeX, Version 3.1415926-2.4-1.40.13 (MiKTeX 2.9 64-bit) (preloaded format=pdflatex 2013.10.25)  2 APR 2014 18:27
entering extended mode
**dissertation_structure.tex

("C:\Users\Ashley\University git\dissertation\dissertation\dissertation\dissert
ation_tidy\dissertation_structure.tex"
LaTeX2e <2011/06/27>
Babel <v3.8m> and hyphenation patterns for english, afrikaans, ancientgreek, ar
abic, armenian, assamese, basque, bengali, bokmal, bulgarian, catalan, coptic, 
croatian, czech, danish, dutch, esperanto, estonian, farsi, finnish, french, ga
lician, german, german-x-2012-05-30, greek, gujarati, hindi, hungarian, iceland
ic, indonesian, interlingua, irish, italian, kannada, kurmanji, latin, latvian,
 lithuanian, malayalam, marathi, mongolian, mongolianlmc, monogreek, ngerman, n
german-x-2012-05-30, nynorsk, oriya, panjabi, pinyin, polish, portuguese, roman
ian, russian, sanskrit, serbian, slovak, slovenian, spanish, swedish, swissgerm
an, tamil, telugu, turkish, turkmen, ukenglish, ukrainian, uppersorbian, usengl
ishmax, welsh, loaded.
("C:\Program Files\MiKTeX 2.9\tex\latex\base\report.cls"
Document Class: report 2007/10/19 v1.4h Standard LaTeX document class
("C:\Program Files\MiKTeX 2.9\tex\latex\base\size11.clo"
File: size11.clo 2007/10/19 v1.4h Standard LaTeX file (size option)
)
\c@part=\count79
\c@chapter=\count80
\c@section=\count81
\c@subsection=\count82
\c@subsubsection=\count83
\c@paragraph=\count84
\c@subparagraph=\count85
\c@figure=\count86
\c@table=\count87
\abovecaptionskip=\skip41
\belowcaptionskip=\skip42
\bibindent=\dimen102
)
("C:\Program Files\MiKTeX 2.9\tex\latex\preprint\fullpage.sty"
Package: fullpage 1999/02/23 1.1 (PWD)
\FP@margin=\skip43
)
("C:\Program Files\MiKTeX 2.9\tex\latex\graphics\graphicx.sty"
Package: graphicx 1999/02/16 v1.0f Enhanced LaTeX Graphics (DPC,SPQR)

("C:\Program Files\MiKTeX 2.9\tex\latex\graphics\keyval.sty"
Package: keyval 1999/03/16 v1.13 key=value parser (DPC)
\KV@toks@=\toks14
)
("C:\Program Files\MiKTeX 2.9\tex\latex\graphics\graphics.sty"
Package: graphics 2009/02/05 v1.0o Standard LaTeX Graphics (DPC,SPQR)

("C:\Program Files\MiKTeX 2.9\tex\latex\graphics\trig.sty"
Package: trig 1999/03/16 v1.09 sin cos tan (DPC)
)
("C:\Program Files\MiKTeX 2.9\tex\latex\00miktex\graphics.cfg"
File: graphics.cfg 2007/01/18 v1.5 graphics configuration of teTeX/TeXLive
)
Package graphics Info: Driver file: pdftex.def on input line 91.

("C:\Program Files\MiKTeX 2.9\tex\latex\pdftex-def\pdftex.def"
File: pdftex.def 2011/05/27 v0.06d Graphics/color for pdfTeX

("C:\Program Files\MiKTeX 2.9\tex\generic\oberdiek\infwarerr.sty"
Package: infwarerr 2010/04/08 v1.3 Providing info/warning/error messages (HO)
)
("C:\Program Files\MiKTeX 2.9\tex\generic\oberdiek\ltxcmds.sty"
Package: ltxcmds 2011/11/09 v1.22 LaTeX kernel commands for general use (HO)
)
\Gread@gobject=\count88
))
\Gin@req@height=\dimen103
\Gin@req@width=\dimen104
)
("C:\Program Files\MiKTeX 2.9\tex\latex\float\float.sty"
Package: float 2001/11/08 v1.3d Float enhancements (AL)
\c@float@type=\count89
\float@exts=\toks15
\float@box=\box26
\@float@everytoks=\toks16
\@floatcapt=\box27
)
\@float@every@table=\toks17

("C:\Program Files\MiKTeX 2.9\tex\latex\ltxmisc\url.sty"
\Urlmuskip=\muskip10
Package: url 2006/04/12  ver 3.3  Verb mode for urls, etc.
)
("C:\Program Files\MiKTeX 2.9\tex\latex\appendix\appendix.sty"
Package: appendix 2009/09/02 v1.2b extra appendix facilities
\c@@pps=\count90
\c@@ppsavesec=\count91
\c@@ppsaveapp=\count92
)
("C:\Program Files\MiKTeX 2.9\tex\latex\listings\listings.sty"
\lst@mode=\count93
\lst@gtempboxa=\box28
\lst@token=\toks18
\lst@length=\count94
\lst@currlwidth=\dimen105
\lst@column=\count95
\lst@pos=\count96
\lst@lostspace=\dimen106
\lst@width=\dimen107
\lst@newlines=\count97
\lst@lineno=\count98
\lst@maxwidth=\dimen108

("C:\Program Files\MiKTeX 2.9\tex\latex\listings\lstmisc.sty"
File: lstmisc.sty 2007/02/22 1.4 (Carsten Heinz)
\c@lstnumber=\count99
\lst@skipnumbers=\count100
\lst@framebox=\box29
)
("C:\Program Files\MiKTeX 2.9\tex\latex\listings\listings.cfg"
File: listings.cfg 2007/02/22 1.4 listings configuration
))
Package: listings 2007/02/22 1.4 (Carsten Heinz)

("C:\Program Files\MiKTeX 2.9\tex\latex\natbib\natbib.sty"
Package: natbib 2010/09/13 8.31b (PWD, AO)
\bibhang=\skip44
\bibsep=\skip45
LaTeX Info: Redefining \cite on input line 694.
\c@NAT@ctr=\count101
)
("C:\Users\Ashley\University git\dissertation\dissertation\dissertation\dissert
ation_tidy\dissertation_structure.aux"
("C:\Users\Ashley\University git\dissertation\dissertation\dissertation\dissert
ation_tidy\appendix.aux"))
LaTeX Font Info:    Checking defaults for OML/cmm/m/it on input line 14.
LaTeX Font Info:    ... okay on input line 14.
LaTeX Font Info:    Checking defaults for T1/cmr/m/n on input line 14.
LaTeX Font Info:    ... okay on input line 14.
LaTeX Font Info:    Checking defaults for OT1/cmr/m/n on input line 14.
LaTeX Font Info:    ... okay on input line 14.
LaTeX Font Info:    Checking defaults for OMS/cmsy/m/n on input line 14.
LaTeX Font Info:    ... okay on input line 14.
LaTeX Font Info:    Checking defaults for OMX/cmex/m/n on input line 14.
LaTeX Font Info:    ... okay on input line 14.
LaTeX Font Info:    Checking defaults for U/cmr/m/n on input line 14.
LaTeX Font Info:    ... okay on input line 14.

("C:\Program Files\MiKTeX 2.9\tex\context\base\supp-pdf.mkii"
[Loading MPS to PDF converter (version 2006.09.02).]
\scratchcounter=\count102
\scratchdimen=\dimen109
\scratchbox=\box30
\nofMPsegments=\count103
\nofMParguments=\count104
\everyMPshowfont=\toks19
\MPscratchCnt=\count105
\MPscratchDim=\dimen110
\MPnumerator=\count106
\makeMPintoPDFobject=\count107
\everyMPtoPDFconversion=\toks20
)
\c@lstlisting=\count108
LaTeX Font Info:    External font `cmex10' loaded for size
(Font)              <12> on input line 17.
LaTeX Font Info:    External font `cmex10' loaded for size
(Font)              <8> on input line 17.
LaTeX Font Info:    External font `cmex10' loaded for size
(Font)              <6> on input line 17.
 [1

{C:/ProgramData/MiKTeX/2.9/pdftex/config/pdftex.map}]
("C:\Users\Ashley\University git\dissertation\dissertation\dissertation\dissert
ation_tidy\dissertation_structure.toc"
LaTeX Font Info:    External font `cmex10' loaded for size
(Font)              <10.95> on input line 1.
)
\tf@toc=\write3
 [1

] [2


]
("C:\Users\Ashley\University git\dissertation\dissertation\dissertation\dissert
ation_tidy\appendix.tex"
Appendix A.
[3


]
Appendix B.
<images/appendix/background_q.png, id=19, 678.28406pt x 731.73375pt>
File: images/appendix/background_q.png Graphic file (type png)

<use images/appendix/background_q.png>
Package pdftex.def Info: images/appendix/background_q.png used on input line 9.

(pdftex.def)             Requested size: 474.7956pt x 512.21013pt.

Overfull \hbox (5.04057pt too wide) in paragraph at lines 9--10
 [][] 
 []

[4

]
Overfull \vbox (133.35281pt too high) has occurred while \output is active []


[5 <C:/Users/Ashley/University git/dissertation/dissertation/dissertation/disse
rtation_tidy/images/appendix/background_q.png>]
<images/appendix/summative_va.png, id=26, 676.77844pt x 734.745pt>
File: images/appendix/summative_va.png Graphic file (type png)

<use images/appendix/summative_va.png>
Package pdftex.def Info: images/appendix/summative_va.png used on input line 15
.
(pdftex.def)             Requested size: 473.74168pt x 514.318pt.

Overfull \hbox (3.98666pt too wide) in paragraph at lines 15--16
 [][] 
 []

<images/appendix/summative_vb.png, id=27, 639.89063pt x 670.00313pt>
File: images/appendix/summative_vb.png Graphic file (type png)

<use images/appendix/summative_vb.png>
Package pdftex.def Info: images/appendix/summative_vb.png used on input line 21
.
(pdftex.def)             Requested size: 447.92038pt x 468.999pt.
 [6 <C:/Users/Ashley/University git/dissertation/dissertation/dissertation/diss
ertation_tidy/images/appendix/summative_va.png>]
<images/appendix/summative_consentform.png, id=32, 592.46344pt x 628.59843pt>
File: images/appendix/summative_consentform.png Graphic file (type png)

<use images/appendix/summative_consentform.png>
Package pdftex.def Info: images/appendix/summative_consentform.png used on inpu
t line 27.
(pdftex.def)             Requested size: 414.72157pt x 440.0159pt.
 [7 <C:/Users/Ashley/University git/dissertation/dissertation/dissertation/diss
ertation_tidy/images/appendix/summative_vb.png>]
<images/appendix/summative_infosheet.png, id=36, 609.02531pt x 619.56468pt>
File: images/appendix/summative_infosheet.png Graphic file (type png)

<use images/appendix/summative_infosheet.png>
Package pdftex.def Info: images/appendix/summative_infosheet.png used on input 
line 33.
(pdftex.def)             Requested size: 426.3148pt x 433.6923pt.
 [8 <C:/Users/Ashley/University git/dissertation/dissertation/dissertation/diss
ertation_tidy/images/appendix/summative_consentform.png>] [9 <C:/Users/Ashley/U
niversity git/dissertation/dissertation/dissertation/dissertation_tidy/images/a
ppendix/summative_infosheet.png>]
Appendix C.
LaTeX Font Info:    Try loading font information for OMS+cmr on input line 43.
("C:\Program Files\MiKTeX 2.9\tex\latex\base\omscmr.fd"
File: omscmr.fd 1999/05/25 v2.5h Standard LaTeX font definitions
)
LaTeX Font Info:    Font shape `OMS/cmr/m/n' in size <10.95> not available
(Font)              Font shape `OMS/cmsy/m/n' tried instead on input line 43.
 [10

] [11]
Appendix D.
[12

] [13] [14] [15] [16] [17] [18] [19] [20]
LaTeX Font Info:    Try loading font information for OML+cmr on input line 444.


("C:\Program Files\MiKTeX 2.9\tex\latex\base\omlcmr.fd"
File: omlcmr.fd 1999/05/25 v2.5h Standard LaTeX font definitions
)
LaTeX Font Info:    Font shape `OML/cmr/m/n' in size <10.95> not available
(Font)              Font shape `OML/cmm/m/it' tried instead on input line 444.
) [21]
("C:\Users\Ashley\University git\dissertation\dissertation\dissertation\dissert
ation_tidy\dissertation_structure.bbl") [22


]
("C:\Users\Ashley\University git\dissertation\dissertation\dissertation\dissert
ation_tidy\dissertation_structure.aux"
("C:\Users\Ashley\University git\dissertation\dissertation\dissertation\dissert
ation_tidy\appendix.aux")) ) 
Here is how much of TeX's memory you used:
 3013 strings out of 493921
 43343 string characters out of 3147278
 229345 words of memory out of 3000000
 6292 multiletter control sequences out of 15000+200000
 10369 words of font info for 36 fonts, out of 3000000 for 9000
 841 hyphenation exceptions out of 8191
 28i,6n,32p,335b,1453s stack positions out of 5000i,500n,10000p,200000b,50000s
<C:/Program Files/MiKTeX 2.9/fonts/type1/public/ams
fonts/cm/cmbx10.pfb><C:/Program Files/MiKTeX 2.9/fonts/type1/public/amsfonts/cm
/cmbx12.pfb><C:/Program Files/MiKTeX 2.9/fonts/type1/public/amsfonts/cm/cmmi10.
pfb><C:/Program Files/MiKTeX 2.9/fonts/type1/public/amsfonts/cm/cmr10.pfb><C:/P
rogram Files/MiKTeX 2.9/fonts/type1/public/amsfonts/cm/cmr12.pfb><C:/Program Fi
les/MiKTeX 2.9/fonts/type1/public/amsfonts/cm/cmr17.pfb><C:/Program Files/MiKTe
X 2.9/fonts/type1/public/amsfonts/cm/cmsy10.pfb><C:/Program Files/MiKTeX 2.9/fo
nts/type1/public/amsfonts/cm/cmti10.pfb>
Output written on dissertation_structure.pdf (23 pages, 267393 bytes).
PDF statistics:
 113 PDF objects out of 1000 (max. 8388607)
 0 named destinations out of 1000 (max. 500000)
 26 words of extra memory for PDF output out of 10000 (max. 10000000)

