This is pdfTeX, Version 3.1415926-2.4-1.40.13 (MiKTeX 2.9 64-bit) (preloaded format=pdflatex 2013.10.25)  4 APR 2014 15:29
entering extended mode
**dissertationv3.tex

("C:\Users\Ashley\University git\dissertation\dissertation\dissertation\dissert
ation_tidy\dissertationv3.tex"
LaTeX2e <2011/06/27>
Babel <v3.8m> and hyphenation patterns for english, afrikaans, ancientgreek, ar
abic, armenian, assamese, basque, bengali, bokmal, bulgarian, catalan, coptic, 
croatian, czech, danish, dutch, esperanto, estonian, farsi, finnish, french, ga
lician, german, german-x-2012-05-30, greek, gujarati, hindi, hungarian, iceland
ic, indonesian, interlingua, irish, italian, kannada, kurmanji, latin, latvian,
 lithuanian, malayalam, marathi, mongolian, mongolianlmc, monogreek, ngerman, n
german-x-2012-05-30, nynorsk, oriya, panjabi, pinyin, polish, portuguese, roman
ian, russian, sanskrit, serbian, slovak, slovenian, spanish, swedish, swissgerm
an, tamil, telugu, turkish, turkmen, ukenglish, ukrainian, uppersorbian, usengl
ishmax, welsh, loaded.
("C:\Program Files\MiKTeX 2.9\tex\latex\base\report.cls"
Document Class: report 2007/10/19 v1.4h Standard LaTeX document class
("C:\Program Files\MiKTeX 2.9\tex\latex\base\size11.clo"
File: size11.clo 2007/10/19 v1.4h Standard LaTeX file (size option)
)
\c@part=\count79
\c@chapter=\count80
\c@section=\count81
\c@subsection=\count82
\c@subsubsection=\count83
\c@paragraph=\count84
\c@subparagraph=\count85
\c@figure=\count86
\c@table=\count87
\abovecaptionskip=\skip41
\belowcaptionskip=\skip42
\bibindent=\dimen102
)
("C:\Program Files\MiKTeX 2.9\tex\latex\preprint\fullpage.sty"
Package: fullpage 1999/02/23 1.1 (PWD)
\FP@margin=\skip43
)
("C:\Program Files\MiKTeX 2.9\tex\latex\graphics\graphicx.sty"
Package: graphicx 1999/02/16 v1.0f Enhanced LaTeX Graphics (DPC,SPQR)

("C:\Program Files\MiKTeX 2.9\tex\latex\graphics\keyval.sty"
Package: keyval 1999/03/16 v1.13 key=value parser (DPC)
\KV@toks@=\toks14
)
("C:\Program Files\MiKTeX 2.9\tex\latex\graphics\graphics.sty"
Package: graphics 2009/02/05 v1.0o Standard LaTeX Graphics (DPC,SPQR)

("C:\Program Files\MiKTeX 2.9\tex\latex\graphics\trig.sty"
Package: trig 1999/03/16 v1.09 sin cos tan (DPC)
)
("C:\Program Files\MiKTeX 2.9\tex\latex\00miktex\graphics.cfg"
File: graphics.cfg 2007/01/18 v1.5 graphics configuration of teTeX/TeXLive
)
Package graphics Info: Driver file: pdftex.def on input line 91.

("C:\Program Files\MiKTeX 2.9\tex\latex\pdftex-def\pdftex.def"
File: pdftex.def 2011/05/27 v0.06d Graphics/color for pdfTeX

("C:\Program Files\MiKTeX 2.9\tex\generic\oberdiek\infwarerr.sty"
Package: infwarerr 2010/04/08 v1.3 Providing info/warning/error messages (HO)
)
("C:\Program Files\MiKTeX 2.9\tex\generic\oberdiek\ltxcmds.sty"
Package: ltxcmds 2011/11/09 v1.22 LaTeX kernel commands for general use (HO)
)
\Gread@gobject=\count88
))
\Gin@req@height=\dimen103
\Gin@req@width=\dimen104
)
("C:\Program Files\MiKTeX 2.9\tex\latex\float\float.sty"
Package: float 2001/11/08 v1.3d Float enhancements (AL)
\c@float@type=\count89
\float@exts=\toks15
\float@box=\box26
\@float@everytoks=\toks16
\@floatcapt=\box27
)
\@float@every@table=\toks17

("C:\Program Files\MiKTeX 2.9\tex\latex\ltxmisc\url.sty"
\Urlmuskip=\muskip10
Package: url 2006/04/12  ver 3.3  Verb mode for urls, etc.
)
("C:\Program Files\MiKTeX 2.9\tex\latex\appendix\appendix.sty"
Package: appendix 2009/09/02 v1.2b extra appendix facilities
\c@@pps=\count90
\c@@ppsavesec=\count91
\c@@ppsaveapp=\count92
)
("C:\Program Files\MiKTeX 2.9\tex\latex\listings\listings.sty"
\lst@mode=\count93
\lst@gtempboxa=\box28
\lst@token=\toks18
\lst@length=\count94
\lst@currlwidth=\dimen105
\lst@column=\count95
\lst@pos=\count96
\lst@lostspace=\dimen106
\lst@width=\dimen107
\lst@newlines=\count97
\lst@lineno=\count98
\lst@maxwidth=\dimen108

("C:\Program Files\MiKTeX 2.9\tex\latex\listings\lstmisc.sty"
File: lstmisc.sty 2007/02/22 1.4 (Carsten Heinz)
\c@lstnumber=\count99
\lst@skipnumbers=\count100
\lst@framebox=\box29
)
("C:\Program Files\MiKTeX 2.9\tex\latex\listings\listings.cfg"
File: listings.cfg 2007/02/22 1.4 listings configuration
))
Package: listings 2007/02/22 1.4 (Carsten Heinz)

("C:\Program Files\MiKTeX 2.9\tex\latex\natbib\natbib.sty"
Package: natbib 2010/09/13 8.31b (PWD, AO)
\bibhang=\skip44
\bibsep=\skip45
LaTeX Info: Redefining \cite on input line 694.
\c@NAT@ctr=\count101
)
("C:\Users\Ashley\University git\dissertation\dissertation\dissertation\dissert
ation_tidy\dissertationv3.aux"

LaTeX Warning: Label `autisim1' multiply defined.


LaTeX Warning: Label `autisim1' multiply defined.


LaTeX Warning: Label `autisim1' multiply defined.


LaTeX Warning: Label `old_house' multiply defined.


LaTeX Warning: Label `old_house' multiply defined.


LaTeX Warning: Label `old_house' multiply defined.


LaTeX Warning: Label `old_house' multiply defined.


LaTeX Warning: Label `old_house' multiply defined.


LaTeX Warning: Label `old_house' multiply defined.


LaTeX Warning: Label `old_house' multiply defined.


LaTeX Warning: Label `old_house' multiply defined.


LaTeX Warning: Label `old_house' multiply defined.


LaTeX Warning: Label `old_house' multiply defined.


LaTeX Warning: Label `old_house' multiply defined.


LaTeX Warning: Label `sensorysystem' multiply defined.


LaTeX Warning: Label `old_house' multiply defined.


LaTeX Warning: Label `old_house' multiply defined.


LaTeX Warning: Label `response_scores' multiply defined.

)
LaTeX Font Info:    Checking defaults for OML/cmm/m/it on input line 11.
LaTeX Font Info:    ... okay on input line 11.
LaTeX Font Info:    Checking defaults for T1/cmr/m/n on input line 11.
LaTeX Font Info:    ... okay on input line 11.
LaTeX Font Info:    Checking defaults for OT1/cmr/m/n on input line 11.
LaTeX Font Info:    ... okay on input line 11.
LaTeX Font Info:    Checking defaults for OMS/cmsy/m/n on input line 11.
LaTeX Font Info:    ... okay on input line 11.
LaTeX Font Info:    Checking defaults for OMX/cmex/m/n on input line 11.
LaTeX Font Info:    ... okay on input line 11.
LaTeX Font Info:    Checking defaults for U/cmr/m/n on input line 11.
LaTeX Font Info:    ... okay on input line 11.
 ("C:\Program Files\MiKTeX 2.9\tex\context\base\supp-pdf.mkii"
[Loading MPS to PDF converter (version 2006.09.02).]
\scratchcounter=\count102
\scratchdimen=\dimen109
\scratchbox=\box30
\nofMPsegments=\count103
\nofMParguments=\count104
\everyMPshowfont=\toks19
\MPscratchCnt=\count105
\MPscratchDim=\dimen110
\MPnumerator=\count106
\makeMPintoPDFobject=\count107
\everyMPtoPDFconversion=\toks20
)
\c@lstlisting=\count108
LaTeX Font Info:    External font `cmex10' loaded for size
(Font)              <12> on input line 15.
LaTeX Font Info:    External font `cmex10' loaded for size
(Font)              <8> on input line 15.
LaTeX Font Info:    External font `cmex10' loaded for size
(Font)              <6> on input line 15.
 [1

{C:/ProgramData/MiKTeX/2.9/pdftex/config/pdftex.map}] [1]
Underfull \hbox (badness 10000) in paragraph at lines 23--30

 []

[1]
("C:\Users\Ashley\University git\dissertation\dissertation\dissertation\dissert
ation_tidy\dissertationv3.toc"
LaTeX Font Info:    External font `cmex10' loaded for size
(Font)              <10.95> on input line 2.
 [1

] [2])
\tf@toc=\write3
 [3]
Chapter 1.

Underfull \hbox (badness 10000) in paragraph at lines 39--40

 []


Underfull \hbox (badness 10000) in paragraph at lines 41--44

 []

[4

]
Underfull \hbox (badness 10000) in paragraph at lines 60--60
[]\OT1/cmr/m/n/10.95 Proposal
 []


Underfull \hbox (badness 10000) in paragraph at lines 63--63
[]\OT1/cmr/m/n/10.95 Online
 []


Underfull \hbox (badness 4328) in paragraph at lines 63--63
[]\OT1/cmr/m/n/10.95 Online sys-tem to im-prove
 []


Underfull \hbox (badness 10000) in paragraph at lines 64--65
[]\OT1/cmr/m/n/10.95 Seamless com-mu-ni-ca-
 []


Underfull \hbox (badness 2662) in paragraph at lines 64--65
\OT1/cmr/m/n/10.95 tion be-tween doc-tors,
 []


Underfull \hbox (badness 10000) in paragraph at lines 64--65
\OT1/cmr/m/n/10.95 teach-ers and car-ers
 []


Underfull \hbox (badness 6741) in paragraph at lines 64--65
\OT1/cmr/m/n/10.95 which is prob-lem-atic
 []


Underfull \hbox (badness 2012) in paragraph at lines 69--70
[]\OT1/cmr/m/n/10.95 Relies too heav-ily on
 []


Underfull \hbox (badness 10000) in paragraph at lines 69--70
\OT1/cmr/m/n/10.95 par-ents/-car-ers be-ing
 []


Underfull \hbox (badness 6559) in paragraph at lines 70--71
[]\OT1/cmr/m/n/10.95 May be dif-fi-cult for
 []


Underfull \hbox (badness 1253) in paragraph at lines 75--75
\OT1/cmr/m/n/10.95 autis-tic users to trial var-i-
 []


Underfull \hbox (badness 10000) in paragraph at lines 84--84
[]\OT1/cmr/m/n/10.95 Dynamic
 []


Underfull \hbox (badness 10000) in paragraph at lines 84--84
\OT1/cmr/m/n/10.95 sched-uler
 []


Underfull \hbox (badness 2865) in paragraph at lines 84--84
[]\OT1/cmr/m/n/10.95 A plan-ner that would re-
 []


Underfull \hbox (badness 2894) in paragraph at lines 85--86
[]\OT1/cmr/m/n/10.95 No plan-ners avail-able
 []


Underfull \hbox (badness 10000) in paragraph at lines 85--86
\OT1/cmr/m/n/10.95 plan-ning/ex-ec-u-tive
 []


Underfull \hbox (badness 7203) in paragraph at lines 85--86
\OT1/cmr/m/n/10.95 func-tion-ing dif-fi-cul-ties
 []


Overfull \hbox (5.0229pt too wide) in paragraph at lines 90--90
[]\OT1/cmr/m/n/10.95 Environment
 []


Overfull \hbox (61.9418pt too wide) in paragraph at lines 58--102
[][] 
 []

[5]
Underfull \hbox (badness 10000) in paragraph at lines 107--107
[]\OT1/cmr/m/n/10.95 Proposal
 []


Underfull \hbox (badness 10000) in paragraph at lines 110--110
[]\OT1/cmr/m/n/10.95 Autism
 []


Underfull \hbox (badness 3525) in paragraph at lines 110--110
[]\OT1/cmr/m/n/10.95 A 3D vir-tual en-vi-ron-ment
 []


Underfull \hbox (badness 10000) in paragraph at lines 115--116
[]\OT1/cmr/m/n/10.95 Misunderstanding
 []


Underfull \hbox (badness 10000) in paragraph at lines 116--117
[]\OT1/cmr/m/n/10.95 Could be ex-
 []


Underfull \hbox (badness 5388) in paragraph at lines 116--117
\OT1/cmr/m/n/10.95 as-pects such as
 []


Underfull \hbox (badness 10000) in paragraph at lines 116--117
\OT1/cmr/m/n/10.95 teacher's train-
 []


Underfull \hbox (badness 10000) in paragraph at lines 116--117
\OT1/cmr/m/n/10.95 ing which is
 []


Underfull \hbox (badness 1571) in paragraph at lines 123--124
[]\OT1/cmr/m/n/10.95 Big project given the
 []


Overfull \hbox (61.9418pt too wide) in paragraph at lines 105--130
[][] 
 []

[6]
Underfull \hbox (badness 10000) in paragraph at lines 147--147
[]\OT1/cmr/m/n/10.95 PHD stu-dent and
 []


Underfull \hbox (badness 10000) in paragraph at lines 147--147
\OT1/cmr/m/n/10.95 project su-per-vi-sor
 []


Underfull \hbox (badness 10000) in paragraph at lines 147--147
\OT1/cmr/m/n/10.95 for in-for-mat-ics UG4
 []


Underfull \hbox (badness 1173) in paragraph at lines 147--147
\OT1/cmr/m/n/10.95 projects at Ed-in-burgh
 []


Underfull \hbox (badness 10000) in paragraph at lines 148--148
\OT1/cmr/m/n/10.95 with AS-D/ADHD.
 []


Underfull \hbox (badness 10000) in paragraph at lines 148--148
\OT1/cmr/m/n/10.95 Works pro-fes-sion-ally
 []


Underfull \hbox (badness 7963) in paragraph at lines 148--148
\OT1/cmr/m/n/10.95 dis-abil-i-ties and their
 []


Overfull \hbox (17.03629pt too wide) in paragraph at lines 144--153
[][] 
 []

[7] [8] [9]
Chapter 2.
[10

]
Underfull \hbox (badness 1448) in paragraph at lines 217--218
\OT1/cmr/m/n/10.95 pres-sure by crawl-ing un-der
 []


Underfull \hbox (badness 4505) in paragraph at lines 221--221
[]\OT1/cmr/m/n/10.95 Difficulty with walk-ing or
 []

[11] [12] [13]

Package natbib Warning: Citation `mottron' on page 14 undefined on input line 2
57.

[14]
Missing character: There is no √ in font cmr10!
Missing character: There is no § in font cmr10!
Missing character: There is no √ in font cmr10!
Missing character: There is no § in font cmr10!
Missing character: There is no √ in font cmr10!
Missing character: There is no § in font cmr10!
Missing character: There is no √ in font cmr10!
Missing character: There is no § in font cmr10!
Missing character: There is no √ in font cmr10!
Missing character: There is no § in font cmr10!
Missing character: There is no √ in font cmr10!
Missing character: There is no § in font cmr10!
 [15] [16]
Underfull \hbox (badness 10000) in paragraph at lines 317--317
[]\OT1/cmr/m/n/10.95 What's it
 []


Underfull \hbox (badness 10000) in paragraph at lines 317--317
\OT1/cmr/m/n/10.95 like be-ing
 []


Underfull \hbox (badness 10000) in paragraph at lines 317--317
[]\OT1/cmr/m/n/10.95 https://www.youtube.com/
 []


Underfull \hbox (badness 10000) in paragraph at lines 318--318
[]\OT1/cmr/m/n/10.95 Depression
 []


Underfull \hbox (badness 10000) in paragraph at lines 318--318
[]\OT1/cmr/m/n/10.95 http://www.beesgo.biz/
 []


Overfull \hbox (7.62975pt too wide) in paragraph at lines 319--319
[]\OT1/cmr/m/n/10.95 http://simdis.jisctechdis.ac.uk/
 []


Overfull \hbox (1.66806pt too wide) in paragraph at lines 320--320
[]\OT1/cmr/m/n/10.95 http://abcnews.go.com/Video
 []


Underfull \hbox (badness 10000) in paragraph at lines 320--320
\OT1/cmr/m/n/10.95 /play-
 []


Overfull \hbox (21.48906pt too wide) in paragraph at lines 312--322
[][] 
 []

[17] <images/litreview/dsim1.png, id=70, 286.06876pt x 235.63031pt>
File: images/litreview/dsim1.png Graphic file (type png)

<use images/litreview/dsim1.png>
Package pdftex.def Info: images/litreview/dsim1.png used on input line 330.
(pdftex.def)             Requested size: 256.0748pt x 210.92557pt.

<images/litreview/dsim2.png, id=71, 289.83281pt x 201.75375pt>
File: images/litreview/dsim2.png Graphic file (type png)

<use images/litreview/dsim2.png>
Package pdftex.def Info: images/litreview/dsim2.png used on input line 337.
(pdftex.def)             Requested size: 256.0748pt x 178.2642pt.

<images/litreview/dsimresults.png, id=72, 295.1025pt x 239.39438pt>
File: images/litreview/dsimresults.png Graphic file (type png)

<use images/litreview/dsimresults.png>
Package pdftex.def Info: images/litreview/dsimresults.png used on input line 34
6.
(pdftex.def)             Requested size: 256.0748pt x 207.7381pt.
 [18 <C:/Users/Ashley/University git/dissertation/dissertation/dissertation/dis
sertation_tidy/images/litreview/dsim1.png> <C:/Users/Ashley/University git/diss
ertation/dissertation/dissertation/dissertation_tidy/images/litreview/dsim2.png
>]
<images/litreview/autisim1.png, id=76, 359.09157pt x 264.99pt>
File: images/litreview/autisim1.png Graphic file (type png)

<use images/litreview/autisim1.png>
Package pdftex.def Info: images/litreview/autisim1.png used on input line 363.
(pdftex.def)             Requested size: 256.0748pt x 188.9812pt.
 [19 <C:/Users/Ashley/University git/dissertation/dissertation/dissertation/dis
sertation_tidy/images/litreview/dsimresults.png>] <images/litreview/autisim2.pn
g, id=80, 360.59718pt x 263.48438pt>
File: images/litreview/autisim2.png Graphic file (type png)

<use images/litreview/autisim2.png>
Package pdftex.def Info: images/litreview/autisim2.png used on input line 370.
(pdftex.def)             Requested size: 256.0748pt x 187.11139pt.

Overfull \hbox (5.59732pt too wide) in paragraph at lines 380--381
\OT1/cmr/m/n/10.95 un-der-stand autism: http://www.interactingwithautism.com/se
ction/understanding/sensory/1 
 []

[20 <C:/Users/Ashley/University git/dissertation/dissertation/dissertation/diss
ertation_tidy/images/litreview/autisim1.png> <C:/Users/Ashley/University git/di
ssertation/dissertation/dissertation/dissertation_tidy/images/litreview/autisim
2.png>]
Overfull \hbox (141.92496pt too wide) in paragraph at lines 383--384
[]\OT1/cmr/m/n/10.95 Video of sen-sory over-load whilst an in-di-vid-ual is wal
k-ing along a street: https://www.youtube.com/watch?v=plPNhooUUuc 
 []

[21]
Chapter 3.
Missing character: There is no ‚ in font cmr10!
Missing character: There is no Ä in font cmr10!
Missing character: There is no ô in font cmr10!

LaTeX Warning: Reference `appendix_partdesign' on page 22 undefined on input li
ne 410.

[22

]
Missing character: There is no √ in font cmr10!
Missing character: There is no § in font cmr10!
Missing character: There is no √ in font cmr10!
Missing character: There is no § in font cmr10!
 [23] <images/design/GD_basic.jpg, id=94, 900.36375pt x 647.41875pt>
File: images/design/GD_basic.jpg Graphic file (type jpg)

<use images/design/GD_basic.jpg>
Package pdftex.def Info: images/design/GD_basic.jpg used on input line 465.
(pdftex.def)             Requested size: 256.0748pt x 184.13098pt.
 [24]
<images/design/GD_moresound.jpg, id=98, 900.36375pt x 647.41875pt>
File: images/design/GD_moresound.jpg Graphic file (type jpg)

<use images/design/GD_moresound.jpg>
Package pdftex.def Info: images/design/GD_moresound.jpg used on input line 472.

(pdftex.def)             Requested size: 256.0748pt x 184.13098pt.

<images/design/GD_overload.jpg, id=99, 900.36375pt x 647.41875pt>
File: images/design/GD_overload.jpg Graphic file (type jpg)

<use images/design/GD_overload.jpg>
Package pdftex.def Info: images/design/GD_overload.jpg used on input line 479.
(pdftex.def)             Requested size: 256.0748pt x 184.13098pt.
 [25 <C:/Users/Ashley/University git/dissertation/dissertation/dissertation/dis
sertation_tidy/images/design/GD_basic.jpg> <C:/Users/Ashley/University git/diss
ertation/dissertation/dissertation/dissertation_tidy/images/design/GD_moresound
.jpg>]
Missing character: There is no ‚ in font cmr10!
Missing character: There is no Ä in font cmr10!
Missing character: There is no ô in font cmr10!
 [26 <C:/Users/Ashley/University git/dissertation/dissertation/dissertation/dis
sertation_tidy/images/design/GD_overload.jpg>] [27]
Chapter 4.

Underfull \hbox (badness 2050) in paragraph at lines 546--546
\OT1/cmr/m/n/10.95 pop-u-lar game en-gines
 []


Underfull \hbox (badness 10000) in paragraph at lines 550--551
[]\OT1/cmr/m/n/10.95 Quick de-vel-op-ment with
 []


Underfull \hbox (badness 1540) in paragraph at lines 550--551
\OT1/cmr/m/n/10.95 sive graph-ics can be made
 []


Underfull \hbox (badness 10000) in paragraph at lines 559--560
[]\OT1/cmr/m/n/10.95 Limited to script-ing
 []


Underfull \hbox (badness 10000) in paragraph at lines 559--560
\OT1/cmr/m/n/10.95 rather than hav-ing
 []


Underfull \hbox (badness 10000) in paragraph at lines 561--562
[]\OT1/cmr/m/n/10.95 Good com-puter re-
 []


Underfull \hbox (badness 1762) in paragraph at lines 561--562
\OT1/cmr/m/n/10.95 quired to run it ef-fi-
 []


Underfull \hbox (badness 7291) in paragraph at lines 566--566
\OT1/cmr/m/n/10.95 been in de-vel-op-ment
 []


Underfull \hbox (badness 1028) in paragraph at lines 566--566
\OT1/cmr/m/n/10.95 tive and help-ful com-
 []


Underfull \hbox (badness 2970) in paragraph at lines 566--566
\OT1/cmr/m/n/10.95 lit-tle lim-i-ta-tion be-ing
 []


Underfull \hbox (badness 3547) in paragraph at lines 570--571
[]\OT1/cmr/m/n/10.95 Provides de-vel-op-ment en-vi-
 []


Underfull \hbox (badness 1776) in paragraph at lines 581--582
\OT1/cmr/m/n/10.95 pre-ferred lan-guage for
 []


Underfull \hbox (badness 3977) in paragraph at lines 585--585
[]\OT1/cmr/m/n/10.95 Originally cre-ated by
 []


Underfull \hbox (badness 10000) in paragraph at lines 585--585
\OT1/cmr/m/n/10.95 Dis-ney, Panda3D is
 []


Underfull \hbox (badness 2875) in paragraph at lines 585--585
\OT1/cmr/m/n/10.95 an en-gine which can
 []


Underfull \hbox (badness 1337) in paragraph at lines 601--601
\OT1/cmr/m/n/10.95 gine and but it does
 []


Underfull \hbox (badness 4036) in paragraph at lines 601--601
\OT1/cmr/m/n/10.95 have ad-di-tional plu-g-
 []


Underfull \hbox (badness 10000) in paragraph at lines 613--614
[]\OT1/cmr/m/n/10.95 Longer de-vel-op-ment
 []


Overfull \hbox (61.9418pt too wide) in paragraph at lines 543--620
[][] 
 []

[28

]
Overfull \vbox (94.14752pt too high) has occurred while \output is active []


[29]
LaTeX Font Info:    Try loading font information for OMS+cmr on input line 629.

 ("C:\Program Files\MiKTeX 2.9\tex\latex\base\omscmr.fd"
File: omscmr.fd 1999/05/25 v2.5h Standard LaTeX font definitions
)
LaTeX Font Info:    Font shape `OMS/cmr/m/n' in size <10.95> not available
(Font)              Font shape `OMS/cmsy/m/n' tried instead on input line 629.
Missing character: There is no ¬ in font cmr10!
Missing character: There is no £ in font cmr10!

<images/design/interface_actions.jpg, id=116, 401.5pt x 401.5pt>
File: images/design/interface_actions.jpg Graphic file (type jpg)

<use images/design/interface_actions.jpg>
Package pdftex.def Info: images/design/interface_actions.jpg used on input line
 649.
(pdftex.def)             Requested size: 200.7495pt x 200.7495pt.
 [30] [31 <C:/Users/Ashley/University git/dissertation/dissertation/dissertatio
n/dissertation_tidy/images/design/interface_actions.jpg>] [32] [33]
Chapter 5.
<images/prototype/old_fullhouse.jpg, id=131, 605.26125pt x 273.27094pt>
File: images/prototype/old_fullhouse.jpg Graphic file (type jpg)

<use images/prototype/old_fullhouse.jpg>
Package pdftex.def Info: images/prototype/old_fullhouse.jpg used on input line 
716.
(pdftex.def)             Requested size: 256.0748pt x 115.6153pt.

<images/prototype/livingroom.png, id=132, 599.23875pt x 450.18187pt>
File: images/prototype/livingroom.png Graphic file (type png)

<use images/prototype/livingroom.png>
Package pdftex.def Info: images/prototype/livingroom.png used on input line 725
.
(pdftex.def)             Requested size: 284.52756pt x 213.75618pt.
 [34

 <C:/Users/Ashley/University git/dissertation/dissertation/dissertation/dissert
ation_tidy/images/prototype/old_fullhouse.jpg>] <images/prototype/bedroom.png, 
id=138, 599.23875pt x 439.6425pt>
File: images/prototype/bedroom.png Graphic file (type png)

<use images/prototype/bedroom.png>
Package pdftex.def Info: images/prototype/bedroom.png used on input line 734.
(pdftex.def)             Requested size: 284.52756pt x 208.75185pt.

<images/prototype/kitchen_washingm.png, id=139, 801.99625pt x 603.25375pt>
File: images/prototype/kitchen_washingm.png Graphic file (type png)

<use images/prototype/kitchen_washingm.png>
Package pdftex.def Info: images/prototype/kitchen_washingm.png used on input li
ne 743.
(pdftex.def)             Requested size: 284.52756pt x 214.0231pt.
 [35 <C:/Users/Ashley/University git/dissertation/dissertation/dissertation/dis
sertation_tidy/images/prototype/livingroom.png> <C:/Users/Ashley/University git
/dissertation/dissertation/dissertation/dissertation_tidy/images/prototype/bedr
oom.png>]
<images/prototype/outside.png, id=144, 808.01875pt x 606.265pt>
File: images/prototype/outside.png Graphic file (type png)

<use images/prototype/outside.png>
Package pdftex.def Info: images/prototype/outside.png used on input line 752.
(pdftex.def)             Requested size: 284.52756pt x 213.4818pt.

<images/prototype/si.png, id=145, 608.2725pt x 459.96844pt>
File: images/prototype/si.png Graphic file (type png)

<use images/prototype/si.png>
Package pdftex.def Info: images/prototype/si.png used on input line 763.
(pdftex.def)             Requested size: 284.52756pt x 215.16049pt.
 [36 <C:/Users/Ashley/University git/dissertation/dissertation/dissertation/dis
sertation_tidy/images/prototype/kitchen_washingm.png> <C:/Users/Ashley/Universi
ty git/dissertation/dissertation/dissertation/dissertation_tidy/images/prototyp
e/outside.png>]
<images/prototype/tvdescription.png, id=149, 601.4972pt x 454.69875pt>
File: images/prototype/tvdescription.png Graphic file (type png)

<use images/prototype/tvdescription.png>
Package pdftex.def Info: images/prototype/tvdescription.png used on input line 
772.
(pdftex.def)             Requested size: 284.52756pt x 215.09605pt.
 [37 <C:/Users/Ashley/University git/dissertation/dissertation/dissertation/dis
sertation_tidy/images/prototype/si.png> <C:/Users/Ashley/University git/dissert
ation/dissertation/dissertation/dissertation_tidy/images/prototype/tvdescriptio
n.png>]
<images/prototype/old_sensoryeffects.png, id=153, 520.19344pt x 201.00093pt>
File: images/prototype/old_sensoryeffects.png Graphic file (type png)

<use images/prototype/old_sensoryeffects.png>
Package pdftex.def Info: images/prototype/old_sensoryeffects.png used on input 
line 785.
(pdftex.def)             Requested size: 284.52756pt x 109.9405pt.

<images/prototype/hallway_so1.png, id=154, 611.28375pt x 465.99094pt>
File: images/prototype/hallway_so1.png Graphic file (type png)

<use images/prototype/hallway_so1.png>
Package pdftex.def Info: images/prototype/hallway_so1.png used on input line 79
2.
(pdftex.def)             Requested size: 284.52756pt x 216.89685pt.

<images/prototype/bedroom_lightsensory.png, id=155, 797.98125pt x 600.2425pt>
File: images/prototype/bedroom_lightsensory.png Graphic file (type png)

<use images/prototype/bedroom_lightsensory.png>
Package pdftex.def Info: images/prototype/bedroom_lightsensory.png used on inpu
t line 801.
(pdftex.def)             Requested size: 284.52756pt x 214.01721pt.
 [38 <C:/Users/Ashley/University git/dissertation/dissertation/dissertation/dis
sertation_tidy/images/prototype/old_sensoryeffects.png> <C:/Users/Ashley/Univer
sity git/dissertation/dissertation/dissertation/dissertation_tidy/images/protot
ype/hallway_so1.png>]
<images/prototype/so_kitchen.png, id=159, 610.53094pt x 424.58624pt>
File: images/prototype/so_kitchen.png Graphic file (type png)

<use images/prototype/so_kitchen.png>
Package pdftex.def Info: images/prototype/so_kitchen.png used on input line 808
.
(pdftex.def)             Requested size: 284.52756pt x 197.87758pt.
 [39 <C:/Users/Ashley/University git/dissertation/dissertation/dissertation/dis
sertation_tidy/images/prototype/bedroom_lightsensory.png> <C:/Users/Ashley/Univ
ersity git/dissertation/dissertation/dissertation/dissertation_tidy/images/prot
otype/so_kitchen.png>]
<images/prototype/actionindicator.png, id=163, 607.51968pt x 484.05844pt>
File: images/prototype/actionindicator.png Graphic file (type png)

<use images/prototype/actionindicator.png>
Package pdftex.def Info: images/prototype/actionindicator.png used on input lin
e 824.
(pdftex.def)             Requested size: 284.52756pt x 226.7098pt.

<images/prototype/prototypeoverview.png, id=164, 874.01532pt x 578.16pt>
File: images/prototype/prototypeoverview.png Graphic file (type png)

<use images/prototype/prototypeoverview.png>
Package pdftex.def Info: images/prototype/prototypeoverview.png used on input l
ine 833.
(pdftex.def)             Requested size: 524.41325pt x 346.89867pt.

Overfull \hbox (54.65823pt too wide) in paragraph at lines 833--834
 [][] 
 []

[40 <C:/Users/Ashley/University git/dissertation/dissertation/dissertation/diss
ertation_tidy/images/prototype/actionindicator.png>] [41 <C:/Users/Ashley/Unive
rsity git/dissertation/dissertation/dissertation/dissertation_tidy/images/proto
type/prototypeoverview.png>] [42]
Missing character: There is no ‚ in font cmr10!
Missing character: There is no Ä in font cmr10!
Missing character: There is no ô in font cmr10!
 [43]
LaTeX Font Info:    Try loading font information for OML+cmr on input line 904.


("C:\Program Files\MiKTeX 2.9\tex\latex\base\omlcmr.fd"
File: omlcmr.fd 1999/05/25 v2.5h Standard LaTeX font definitions
)
LaTeX Font Info:    Font shape `OML/cmr/m/n' in size <10.95> not available
(Font)              Font shape `OML/cmm/m/it' tried instead on input line 904.

Overfull \hbox (75.56065pt too wide) in paragraph at lines 905--906
[][][][][][][][][][][][][][][][][][] 
 []


Overfull \hbox (36.14024pt too wide) in paragraph at lines 906--907
[][][][][][][][][][][][][][][][][][][][] 
 []

[44] [45]

LaTeX Warning: Reference `p_imp_discussion' on page 46 undefined on input line 
1001.

[46] [47]
Chapter 6.

Package natbib Warning: Citation `laer_partdesign' on page 48 undefined on inpu
t line 1033.

[48

] [49] [50] [51]

LaTeX Warning: Reference `prototypedesign' on page 52 undefined on input line 1
158.

[52] [53]
Chapter 7.
[54

]
Missing character: There is no ‚ in font cmr10!
Missing character: There is no Ä in font cmr10!
Missing character: There is no ò in font cmr10!
Missing character: There is no ‚ in font cmr10!
Missing character: There is no Ä in font cmr10!
Missing character: There is no ô in font cmr10!
Missing character: There is no ‚ in font cmr10!
Missing character: There is no Ä in font cmr10!
Missing character: There is no ú in font cmr10!
Missing character: There is no ‚ in font cmr10!
Missing character: There is no Ä in font cmr10!
Missing character: There is no ù in font cmr10!
 [55]
Underfull \hbox (badness 4479) in paragraph at lines 1234--1234
[]\OT1/cmr/m/n/10.95 Play: In-creases
 []


Underfull \hbox (badness 10000) in paragraph at lines 1234--1234
\OT1/cmr/m/n/10.95 con-tent-ment by
 []


Underfull \hbox (badness 10000) in paragraph at lines 1234--1234
[]\OT1/cmr/m/n/10.95 People with
 []


Underfull \hbox (badness 10000) in paragraph at lines 1234--1234
\OT1/cmr/m/n/10.95 autism have
 []


Underfull \hbox (badness 4872) in paragraph at lines 1234--1234
\OT1/cmr/m/n/10.95 spe-cial in-ter-ests.
 []


Underfull \hbox (badness 10000) in paragraph at lines 1234--1234
\OT1/cmr/m/n/10.95 These spe-cial
 []


Underfull \hbox (badness 10000) in paragraph at lines 1234--1234
\OT1/cmr/m/n/10.95 in-ter-ests help
 []


Underfull \hbox (badness 10000) in paragraph at lines 1236--1236
[]\OT1/cmr/m/n/10.95 Touchside
 []


Underfull \hbox (badness 10000) in paragraph at lines 1236--1236
[]\OT1/cmr/m/n/10.95 On/off: slowly
 []


Underfull \hbox (badness 10000) in paragraph at lines 1238--1238
[]\OT1/cmr/m/n/10.95 Collections
 []


Underfull \hbox (badness 10000) in paragraph at lines 1238--1238
[]\OT1/cmr/m/n/10.95 Explains that
 []


Underfull \hbox (badness 10000) in paragraph at lines 1238--1238
\OT1/cmr/m/n/10.95 chil-dren with
 []


Underfull \hbox (badness 4108) in paragraph at lines 1238--1238
\OT1/cmr/m/n/10.95 autism have an
 []


Underfull \hbox (badness 10000) in paragraph at lines 1238--1238
\OT1/cmr/m/n/10.95 ob-ses-sion/need
 []


Underfull \hbox (badness 10000) in paragraph at lines 1238--1238
\OT1/cmr/m/n/10.95 to com-plete
 []


Underfull \hbox (badness 10000) in paragraph at lines 1240--1240
\OT1/cmr/m/n/10.95 clothes can be
 []


Underfull \hbox (badness 10000) in paragraph at lines 1240--1240
\OT1/cmr/m/n/10.95 com-pared to
 []


Underfull \hbox (badness 2302) in paragraph at lines 1242--1242
[]\OT1/cmr/m/n/10.95 Spinny ob-
 []


Underfull \hbox (badness 6575) in paragraph at lines 1242--1243
[]\OT1/cmr/m/n/10.95 All noise blurs out.
 []


Underfull \hbox (badness 10000) in paragraph at lines 1244--1244
[]\OT1/cmr/m/n/10.95 Upstairs
 []


Underfull \hbox (badness 10000) in paragraph at lines 1244--1244
[]\OT1/cmr/m/n/10.95 Fluorescent
 []


Underfull \hbox (badness 10000) in paragraph at lines 1244--1244
[]\OT1/cmr/m/n/10.95 Turn on/off.
 []


Underfull \hbox (badness 10000) in paragraph at lines 1244--1244
\OT1/cmr/m/n/10.95 Same ef-fect as
 []


Underfull \hbox (badness 10000) in paragraph at lines 1244--1244
[]\OT1/cmr/m/n/10.95 Explanation
 []


Underfull \hbox (badness 3849) in paragraph at lines 1244--1244
\OT1/cmr/m/n/10.95 like ten cam-era
 []


Underfull \hbox (badness 10000) in paragraph at lines 1244--1244
\OT1/cmr/m/n/10.95 flashes in your
 []


Underfull \hbox (badness 1383) in paragraph at lines 1244--1245
\OT1/cmr/m/n/10.95 sory sys-tem. Dis-ori-
 []


Underfull \hbox (badness 10000) in paragraph at lines 1246--1246
\OT1/cmr/m/n/10.95 nor-mal hav-ing
 []


Underfull \hbox (badness 10000) in paragraph at lines 1246--1246
\OT1/cmr/m/n/10.95 your-self peer-ing
 []


Underfull \hbox (badness 3965) in paragraph at lines 1246--1247
[]\OT1/cmr/m/n/10.95 Causes dizzy/dis-ori-en-
 []


Underfull \hbox (badness 10000) in paragraph at lines 1248--1249
[]\OT1/cmr/m/n/10.95 Make wall-pa-per ma-
 []


Underfull \hbox (badness 10000) in paragraph at lines 1248--1249
\OT1/cmr/m/n/10.95 dizzi-ness/sen-sory ef-
 []


Underfull \hbox (badness 10000) in paragraph at lines 1250--1250
[]\OT1/cmr/m/n/10.95 Downstairs
 []


Underfull \hbox (badness 10000) in paragraph at lines 1252--1252
[]\OT1/cmr/m/n/10.95 Automated:
 []


Underfull \hbox (badness 1043) in paragraph at lines 1252--1252
\OT1/cmr/m/n/10.95 prompt the user
 []


Underfull \hbox (badness 1325) in paragraph at lines 1252--1252
\OT1/cmr/m/n/10.95 to play with it.
 []


Underfull \hbox (badness 1609) in paragraph at lines 1252--1252
\OT1/cmr/m/n/10.95 as door-bell may
 []


Underfull \hbox (badness 10000) in paragraph at lines 1252--1252
\OT1/cmr/m/n/10.95 mean un-wanted
 []


Underfull \hbox (badness 10000) in paragraph at lines 1252--1252
\OT1/cmr/m/n/10.95 peo-ple in safe
 []


Underfull \hbox (badness 4060) in paragraph at lines 1252--1254
[]\OT1/cmr/m/n/10.95 If player rings it is
 []

[56]
Overfull \vbox (89.97006pt too high) has occurred while \output is active []


[57]
Underfull \hbox (badness 10000) in paragraph at lines 1264--1264
[]\OT1/cmr/m/n/10.95 Washing
 []


Underfull \hbox (badness 10000) in paragraph at lines 1264--1264
[]\OT1/cmr/m/n/10.95 Could be-come
 []


Underfull \hbox (badness 10000) in paragraph at lines 1264--1264
\OT1/cmr/m/n/10.95 trans-fixed with
 []


Underfull \hbox (badness 2617) in paragraph at lines 1264--1265
[]\OT1/cmr/m/n/10.95 Noisy, need to move
 []


Underfull \hbox (badness 10000) in paragraph at lines 1266--1266
[]\OT1/cmr/m/n/10.95 Kitchen
 []


Underfull \hbox (badness 3039) in paragraph at lines 1266--1266
[]\OT1/cmr/m/n/10.95 Particle emit-ters
 []


Underfull \hbox (badness 10000) in paragraph at lines 1270--1270
[]\OT1/cmr/m/n/10.95 Living
 []


Underfull \hbox (badness 2205) in paragraph at lines 1270--1270
[]\OT1/cmr/m/n/10.95 Description in-di-
 []


Underfull \hbox (badness 10000) in paragraph at lines 1272--1272
[]\OT1/cmr/m/n/10.95 Description in-
 []


Underfull \hbox (badness 10000) in paragraph at lines 1272--1272
\OT1/cmr/m/n/10.95 di-cat-ing that
 []


Underfull \hbox (badness 10000) in paragraph at lines 1272--1272
\OT1/cmr/m/n/10.95 the noise from
 []


Underfull \hbox (badness 3792) in paragraph at lines 1272--1272
\OT1/cmr/m/n/10.95 Hoovers can be
 []


Underfull \hbox (badness 10000) in paragraph at lines 1276--1276
[]\OT1/cmr/m/n/10.95 Tooth
 []


Underfull \hbox (badness 1552) in paragraph at lines 1276--1277
[]\OT1/cmr/m/n/10.95 Brushing teeth causes
 []

[58] [59]
<images/implementationfirst/gameimages/new_hallway1.png, id=230, 611.28375pt x 
471.26062pt>
File: images/implementationfirst/gameimages/new_hallway1.png Graphic file (type
 png)
 <use images/implementationfirst/gameimages/new_hallway1.png>
Package pdftex.def Info: images/implementationfirst/gameimages/new_hallway1.png
 used on input line 1323.
(pdftex.def)             Requested size: 256.0748pt x 197.41756pt.

<images/implementationfirst/gameimages/overloadhallway.png, id=231, 609.77812pt
 x 472.76625pt>
File: images/implementationfirst/gameimages/overloadhallway.png Graphic file (t
ype png)

<use images/implementationfirst/gameimages/overloadhallway.png>
Package pdftex.def Info: images/implementationfirst/gameimages/overloadhallway.
png used on input line 1331.
(pdftex.def)             Requested size: 256.0748pt x 198.53882pt.

<images/new_bathroom.png, id=232, 611.28375pt x 484.81125pt>
File: images/new_bathroom.png Graphic file (type png)

<use images/new_bathroom.png>
Package pdftex.def Info: images/new_bathroom.png used on input line 1337.
(pdftex.def)             Requested size: 256.0748pt x 203.0941pt.
 [60 <C:/Users/Ashley/University git/dissertation/dissertation/dissertation/dis
sertation_tidy/images/implementationfirst/gameimages/new_hallway1.png> <C:/User
s/Ashley/University git/dissertation/dissertation/dissertation/dissertation_tid
y/images/implementationfirst/gameimages/overloadhallway.png>]
<images/implementationfirst/gameimages/kitchen.png, id=236, 612.03656pt x 480.2
9437pt>
File: images/implementationfirst/gameimages/kitchen.png Graphic file (type png)

 <use images/implementationfirst/gameimages/kitchen.png>
Package pdftex.def Info: images/implementationfirst/gameimages/kitchen.png used
 on input line 1345.
(pdftex.def)             Requested size: 256.0748pt x 200.95274pt.

<images/implementationfirst/gameimages/mill.png, id=237, 601.4972pt x 481.8pt>
File: images/implementationfirst/gameimages/mill.png Graphic file (type png)

<use images/implementationfirst/gameimages/mill.png>
Package pdftex.def Info: images/implementationfirst/gameimages/mill.png used on
 input line 1352.
(pdftex.def)             Requested size: 256.0748pt x 205.11884pt.
 [61 <C:/Users/Ashley/University git/dissertation/dissertation/dissertation/dis
sertation_tidy/images/new_bathroom.png> <C:/Users/Ashley/University git/dissert
ation/dissertation/dissertation/dissertation_tidy/images/implementationfirst/ga
meimages/kitchen.png>]
<images/new_livingroom.png, id=241, 626.34pt x 481.8pt>
File: images/new_livingroom.png Graphic file (type png)

<use images/new_livingroom.png>
Package pdftex.def Info: images/new_livingroom.png used on input line 1359.
(pdftex.def)             Requested size: 256.0748pt x 196.9879pt.

<images/implementationfirst/gameimages/bedroom.png, id=242, 603.75563pt x 448.6
7625pt>
File: images/implementationfirst/gameimages/bedroom.png Graphic file (type png)

 <use images/implementationfirst/gameimages/bedroom.png>
Package pdftex.def Info: images/implementationfirst/gameimages/bedroom.png used
 on input line 1366.
(pdftex.def)             Requested size: 256.0748pt x 190.29807pt.
 [62 <C:/Users/Ashley/University git/dissertation/dissertation/dissertation/dis
sertation_tidy/images/implementationfirst/gameimages/mill.png> <C:/Users/Ashley
/University git/dissertation/dissertation/dissertation/dissertation_tidy/images
/new_livingroom.png>]
<images/implementationfirst/gameimages/bedroom2.png, id=246, 609.77812pt x 462.
22687pt>
File: images/implementationfirst/gameimages/bedroom2.png Graphic file (type png
)
 <use images/implementationfirst/gameimages/bedroom2.png>
Package pdftex.def Info: images/implementationfirst/gameimages/bedroom2.png use
d on input line 1373.
(pdftex.def)             Requested size: 256.0748pt x 194.1128pt.

<images/implementationfirst/gameimages/overloadclock.png, id=247, 608.2725pt x 
470.50781pt>
File: images/implementationfirst/gameimages/overloadclock.png Graphic file (typ
e png)
 <use images/implementationfirst/gameimages/overloadclock.png>
Package pdftex.def Info: images/implementationfirst/gameimages/overloadclock.pn
g used on input line 1380.
(pdftex.def)             Requested size: 256.0748pt x 198.07858pt.

[63 <C:/Users/Ashley/University git/dissertation/dissertation/dissertation/diss
ertation_tidy/images/implementationfirst/gameimages/bedroom.png> <C:/Users/Ashl
ey/University git/dissertation/dissertation/dissertation/dissertation_tidy/imag
es/implementationfirst/gameimages/bedroom2.png>]
<images/implementationfirst/gameimages/startscreen.png, id=251, 615.0478pt x 47
9.54156pt>
File: images/implementationfirst/gameimages/startscreen.png Graphic file (type 
png)
 <use images/implementationfirst/gameimages/startscreen.png>
Package pdftex.def Info: images/implementationfirst/gameimages/startscreen.png 
used on input line 1389.
(pdftex.def)             Requested size: 256.0748pt x 199.65727pt.
 [64 <C:/Users/Ashley/University git/dissertation/dissertation/dissertation/dis
sertation_tidy/images/implementationfirst/gameimages/overloadclock.png> <C:/Use
rs/Ashley/University git/dissertation/dissertation/dissertation/dissertation_ti
dy/images/implementationfirst/gameimages/startscreen.png>]
<images/implementationfirst/gameimages/exploremode_people.png, id=256, 602.25pt
 x 475.7775pt>
File: images/implementationfirst/gameimages/exploremode_people.png Graphic file
 (type png)

<use images/implementationfirst/gameimages/exploremode_people.png>
Package pdftex.def Info: images/implementationfirst/gameimages/exploremode_peop
le.png used on input line 1400.
(pdftex.def)             Requested size: 256.0748pt x 202.30801pt.
 [65 <C:/Users/Ashley/University git/dissertation/dissertation/dissertation/dis
sertation_tidy/images/implementationfirst/gameimages/exploremode_people.png>]
<images/implementationfirst/gameimages/morning_objectives.png, id=260, 189.7087
6pt x 102.3825pt>
File: images/implementationfirst/gameimages/morning_objectives.png Graphic file
 (type png)

<use images/implementationfirst/gameimages/morning_objectives.png>
Package pdftex.def Info: images/implementationfirst/gameimages/morning_objectiv
es.png used on input line 1432.
(pdftex.def)             Requested size: 256.0748pt x 138.21353pt.
 [66]
<images/implementationfirst/gameimages/mission_complete.png, id=264, 615.0478pt
 x 469.755pt>
File: images/implementationfirst/gameimages/mission_complete.png Graphic file (
type png)
 <use images/implementationfirst/gameimages/mission_complete.png>
Package pdftex.def Info: images/implementationfirst/gameimages/mission_complete
.png used on input line 1442.
(pdftex.def)             Requested size: 256.0748pt x 195.58263pt.

[67 <C:/Users/Ashley/University git/dissertation/dissertation/dissertation/diss
ertation_tidy/images/implementationfirst/gameimages/morning_objectives.png> <C:
/Users/Ashley/University git/dissertation/dissertation/dissertation/dissertatio
n_tidy/images/implementationfirst/gameimages/mission_complete.png>]
<images/sensoryobjects.jpg, id=268, 513.41812pt x 454.69875pt>
File: images/sensoryobjects.jpg Graphic file (type jpg)

<use images/sensoryobjects.jpg>
Package pdftex.def Info: images/sensoryobjects.jpg used on input line 1475.
(pdftex.def)             Requested size: 256.0748pt x 226.78682pt.
 [68]
<images/implementationfirst/sensoryobject.png, id=272, 722.7pt x 542.025pt>
File: images/implementationfirst/sensoryobject.png Graphic file (type png)

<use images/implementationfirst/sensoryobject.png>
Package pdftex.def Info: images/implementationfirst/sensoryobject.png used on i
nput line 1488.
(pdftex.def)             Requested size: 256.0748pt x 192.05217pt.
 [69 <C:/Users/Ashley/University git/dissertation/dissertation/dissertation/dis
sertation_tidy/images/sensoryobjects.jpg> <C:/Users/Ashley/University git/disse
rtation/dissertation/dissertation/dissertation_tidy/images/implementationfirst/
sensoryobject.png>]
Overfull \hbox (200.39195pt too wide) in paragraph at lines 1522--1523
[][][][][][][][][][][][][][][][][][][][][][][][][][][][][][][][][][][][][][][][
][][][][][] 
 []


Overfull \hbox (436.91441pt too wide) in paragraph at lines 1523--1524
[][][][][][][][][][][][][][][][][][][][][][][][][][][][][][] 
 []


Overfull \hbox (36.14024pt too wide) in paragraph at lines 1525--1526
[][][][][][][][][][][][][] 
 []


Overfull \hbox (42.71031pt too wide) in paragraph at lines 1527--1528
[][][][][][][][][][][][][][][][][][][][][][][][][][] 
 []


Overfull \hbox (88.70079pt too wide) in paragraph at lines 1536--1537
[][][][][][][][][][][][][][][][][][] 
 []


Overfull \hbox (16.43004pt too wide) in paragraph at lines 1537--1538
[][][][][][][][][][][][][] 
 []

[70] <images/scenemanager.jpg, id=281, 383.18156pt x 231.11343pt>
File: images/scenemanager.jpg Graphic file (type jpg)

<use images/scenemanager.jpg>
Package pdftex.def Info: images/scenemanager.jpg used on input line 1552.
(pdftex.def)             Requested size: 256.0748pt x 154.45728pt.
 [71 <C:/Users/Ashley/University git/dissertation/dissertation/dissertation/dis
sertation_tidy/images/scenemanager.jpg>] [72]
[73]
Chapter 8.

Overfull \hbox (61.9418pt too wide) in paragraph at lines 1624--1639
[][]
 []

[74

] [75]

LaTeX Warning: Reference `firstver_futurework' on page 76 undefined on input li
ne 1673.

[76] [77] [78]
Missing character: There is no √ in font cmr10!
Missing character: There is no ï in font cmr10!
Missing character: There is no √ in font cmr10!
Missing character: There is no ï in font cmr10!
 [79]
Overfull \hbox (25.26314pt too wide) in paragraph at lines 1795--1795
[]\OT1/cmr/m/n/10.95 Participant| 
 []


Underfull \hbox (badness 10000) in paragraph at lines 1795--1795
[]\OT1/cmr/m/n/10.95 Prior autism
 []


Underfull \hbox (badness 10000) in paragraph at lines 1795--1795
[]\OT1/cmr/m/n/10.95 Later autism
 []


Underfull \hbox (badness 1867) in paragraph at lines 1798--1798
[]\OT1/cmr/m/n/10.95 Controls in-tu-itive but
 []


Underfull \hbox (badness 10000) in paragraph at lines 1798--1798
\OT1/cmr/m/n/10.95 dif-fi-culty in-ter-act-ing
 []


Underfull \hbox (badness 10000) in paragraph at lines 1799--1799
[]\OT1/cmr/m/n/10.95 Sensory over-
 []


Underfull \hbox (badness 2318) in paragraph at lines 1799--1799
\OT1/cmr/m/n/10.95 loads caused by
 []


Underfull \hbox (badness 4492) in paragraph at lines 1799--1799
\OT1/cmr/m/n/10.95 proach the sit-u-a-tions
 []


Underfull \hbox (badness 1210) in paragraph at lines 1799--1799
\OT1/cmr/m/n/10.95 and what I could do
 []


Underfull \hbox (badness 10000) in paragraph at lines 1800--1800
[]\OT1/cmr/m/n/10.95 Sensory dif-fi-cul-
 []


Underfull \hbox (badness 10000) in paragraph at lines 1801--1801
[]\OT1/cmr/m/n/10.95 Sensory over-
 []


Underfull \hbox (badness 10000) in paragraph at lines 1801--1801
\OT1/cmr/m/n/10.95 loads. Melt-
 []


Underfull \hbox (badness 7415) in paragraph at lines 1802--1802
\OT1/cmr/m/n/10.95 hard to un-der-
 []


Underfull \hbox (badness 10000) in paragraph at lines 1803--1803
\OT1/cmr/m/n/10.95 fort-able around
 []


Underfull \hbox (badness 10000) in paragraph at lines 1803--1803
\OT1/cmr/m/n/10.95 peo-ple, loud
 []


Underfull \hbox (badness 10000) in paragraph at lines 1803--1803
\OT1/cmr/m/n/10.95 noises, bright
 []


Underfull \hbox (badness 10000) in paragraph at lines 1804--1804
[]\OT1/cmr/m/n/10.95 Affects abil-ity
 []


Underfull \hbox (badness 2134) in paragraph at lines 1804--1804
\OT1/cmr/m/n/10.95 pe-ri-ods of time.
 []


Underfull \hbox (badness 5771) in paragraph at lines 1804--1804
\OT1/cmr/m/n/10.95 in a way that
 []


Underfull \hbox (badness 5711) in paragraph at lines 1804--1804
\OT1/cmr/m/n/10.95 causes them to
 []


Underfull \hbox (badness 4291) in paragraph at lines 1804--1804
[]\OT1/cmr/m/n/10.95 Sensor over-loads
 []


Underfull \hbox (badness 1789) in paragraph at lines 1804--1804
\OT1/cmr/m/n/10.95 au-di-tory or tac-
 []


Underfull \hbox (badness 10000) in paragraph at lines 1805--1805
[]\OT1/cmr/m/n/10.95 Aspergers is a
 []


Underfull \hbox (badness 10000) in paragraph at lines 1805--1805
[]\OT1/cmr/m/n/10.95 Visual dis-tur-
 []


Underfull \hbox (badness 10000) in paragraph at lines 1805--1805
\OT1/cmr/m/n/10.95 bances due to
 []


Underfull \hbox (badness 10000) in paragraph at lines 1805--1805
\OT1/cmr/m/n/10.95 re-sponse of a
 []


Overfull \hbox (29.03627pt too wide) in paragraph at lines 1793--1808
[][] 
 []

[80] [81]
<images/implementationfirst/gameimages/overloadbedroom_beforeconsultation.png, 
id=316, 599.99156pt x 437.38406pt>
File: images/implementationfirst/gameimages/overloadbedroom_beforeconsultation.
png Graphic file (type png)

<use images/implementationfirst/gameimages/overloadbedroom_beforeconsultation.p
ng>
Package pdftex.def Info: images/implementationfirst/gameimages/overloadbedroom_
beforeconsultation.png used on input line 1824.
(pdftex.def)             Requested size: 256.0748pt x 186.67662pt.

<images/implementationfirst/gameimages/overloadbedroom_afterconsultation.png, i
d=317, 601.4972pt x 479.54156pt>
File: images/implementationfirst/gameimages/overloadbedroom_afterconsultation.p
ng Graphic file (type png)

<use images/implementationfirst/gameimages/overloadbedroom_afterconsultation.pn
g>
Package pdftex.def Info: images/implementationfirst/gameimages/overloadbedroom_
afterconsultation.png used on input line 1831.
(pdftex.def)             Requested size: 256.0748pt x 204.15735pt.
 [82 <C:/Users/Ashley/University git/dissertation/dissertation/dissertation/dis
sertation_tidy/images/implementationfirst/gameimages/overloadbedroom_beforecons
ultation.png>] [83 <C:/Users/Ashley/University git/dissertation/dissertation/di
ssertation/dissertation_tidy/images/implementationfirst/gameimages/overloadbedr
oom_afterconsultation.png>] [84]
Chapter 9.

Overfull \hbox (9.48906pt too wide) in paragraph at lines 1879--1889
[][]
 []

[85

]

LaTeX Warning: Reference `summative_materials' on page 86 undefined on input li
ne 1891.


LaTeX Warning: Reference `summative_materials' on page 86 undefined on input li
ne 1898.


LaTeX Warning: Reference `summative_materials' on page 86 undefined on input li
ne 1903.

[86]

LaTeX Warning: Reference `summative_backgroundresults' on page 87 undefined on 
input line 1935.


Overfull \hbox (1.39343pt too wide) in paragraph at lines 1940--1941
[]\OT1/cmr/bx/n/10.95 Score| 
 []

[87]
Underfull \hbox (badness 3503) in paragraph at lines 1964--1964
[]\OT1/cmr/bx/n/10.95 Total be-
 []


Underfull \hbox (badness 10000) in paragraph at lines 1964--1964
[]\OT1/cmr/bx/n/10.95 Total
 []


Underfull \hbox (badness 1142) in paragraph at lines 1964--1965
[]\OT1/cmr/m/n/10.95 Indicated ex-pe-ri-
 []


Overfull \hbox (97.94177pt too wide) in paragraph at lines 1962--1982
[][]
 []

[88]
<images/summative/average_before_after.png, id=341, 426.09187pt x 233.37187pt>
File: images/summative/average_before_after.png Graphic file (type png)

<use images/summative/average_before_after.png>
Package pdftex.def Info: images/summative/average_before_after.png used on inpu
t line 1988.
(pdftex.def)             Requested size: 256.0748pt x 140.25922pt.

<images/summative/bestresponse.png, id=342, 448.67625pt x 236.38312pt>
File: images/summative/bestresponse.png Graphic file (type png)

<use images/summative/bestresponse.png>
Package pdftex.def Info: images/summative/bestresponse.png used on input line 1
995.
(pdftex.def)             Requested size: 256.0748pt x 134.9165pt.
 [89 <C:/Users/Ashley/University git/dissertation/dissertation/dissertation/dis
sertation_tidy/images/summative/average_before_after.png>] [90 <C:/Users/Ashley
/University git/dissertation/dissertation/dissertation/dissertation_tidy/images
/summative/bestresponse.png>] [91]
[92] [93]
Chapter 10.
[94

] [95] [96] [97] [98] [99]
Missing character: There is no ‚ in font cmr10!
Missing character: There is no Ä in font cmr10!
Missing character: There is no ô in font cmr10!
Missing character: There is no ‚ in font cmr10!
Missing character: There is no Ä in font cmr10!
Missing character: There is no ô in font cmr10!

Underfull \hbox (badness 10000) in paragraph at lines 2201--2205

 []

Missing character: There is no ‚ in font cmr10!
Missing character: There is no Ä in font cmr10!
Missing character: There is no ù in font cmr10!
[100]
("C:\Users\Ashley\University git\dissertation\dissertation\dissertation\dissert
ation_tidy\dissertationv3.bbl" [101]
Underfull \hbox (badness 10000) in paragraph at lines 9--12
[]\OT1/cmr/m/n/10.95 Autism mis-con-cep-tions.  URL $\OT1/cmtt/m/n/10.95 http :
 / / www . nhs . uk / Livewell / Autism / Pages /$
 []


Underfull \hbox (badness 10000) in paragraph at lines 33--36
[]\OT1/cmr/m/n/10.95 Understanding dyslexia.  URL $\OT1/cmtt/m/n/10.95 http : /
 / www . weau . com / home / headlines /$
 []

Missing character: There is no √ in font cmr10!
Missing character: There is no © in font cmr10!
Missing character: There is no √ in font cmr10!
Missing character: There is no ® in font cmr10!
[102

]
Missing character: There is no ‚ in font cmr10!
Missing character: There is no Ä in font cmr10!
Missing character: There is no ì in font cmr10!
Missing character: There is no ‚ in font cmr10!
Missing character: There is no Ä in font cmr10!
Missing character: There is no ô in font cmr10!
Missing character: There is no ‚ in font cmr10!
Missing character: There is no Ä in font cmr10!
Missing character: There is no ú in font cmr10!
Missing character: There is no ‚ in font cmr10!
Missing character: There is no Ä in font cmr10!
Missing character: There is no ù in font cmr10!
Missing character: There is no ‚ in font cmr10!
Missing character: There is no Ä in font cmr10!
Missing character: There is no ú in font cmr10!
Missing character: There is no ‚ in font cmr10!
Missing character: There is no Ä in font cmr10!
Missing character: There is no ù in font cmr10!
Missing character: There is no √ in font cmr10!
Missing character: There is no § in font cmr10!
Missing character: There is no √ in font cmr10!
Missing character: There is no § in font cmr10!
Missing character: There is no ‚ in font cmr10!
Missing character: There is no Ä in font cmr10!
Missing character: There is no ú in font cmr10!
Missing character: There is no   in font cmr10!
Missing character: There is no º in font cmr10!
Missing character: There is no ‚ in font cmr10!
Missing character: There is no Ä in font cmr10!
Missing character: There is no ù in font cmr10!
Missing character: There is no ‚ in font cmr10!
Missing character: There is no Ä in font cmr10!
Missing character: There is no ú in font cmr10!
Missing character: There is no ‚ in font cmr10!
Missing character: There is no Ä in font cmr10!
Missing character: There is no ù in font cmr10!
Missing character: There is no   in font cmr10!
Missing character: There is no º in font cmr10!
)

Package natbib Warning: There were undefined citations.

[103]
("C:\Users\Ashley\University git\dissertation\dissertation\dissertation\dissert
ation_tidy\dissertationv3.aux")

LaTeX Warning: There were undefined references.


LaTeX Warning: There were multiply-defined labels.

 ) 
Here is how much of TeX's memory you used:
 3303 strings out of 493921
 51894 string characters out of 3147278
 146308 words of memory out of 3000000
 6544 multiletter control sequences out of 15000+200000
 10537 words of font info for 37 fonts, out of 3000000 for 9000
 841 hyphenation exceptions out of 8191
 27i,13n,32p,1883b,1417s stack positions out of 5000i,500n,10000p,200000b,50000s
<C:/Program Files/MiKTeX 2.9/fonts/type1/public/amsfonts/cm/cmbx10.pfb><C:/Pr
ogram Files/MiKTeX 2.9/fonts/type1/public/amsfonts/cm/cmbx12.pfb><C:/Program Fi
les/MiKTeX 2.9/fonts/type1/public/amsfonts/cm/cmmi10.pfb><C:/Program Files/MiKT
eX 2.9/fonts/type1/public/amsfonts/cm/cmr10.pfb><C:/Program Files/MiKTeX 2.9/fo
nts/type1/public/amsfonts/cm/cmr12.pfb><C:/Program Files/MiKTeX 2.9/fonts/type1
/public/amsfonts/cm/cmr17.pfb><C:/Program Files/MiKTeX 2.9/fonts/type1/public/a
msfonts/cm/cmsy10.pfb><C:/Program Files/MiKTeX 2.9/fonts/type1/public/amsfonts/
cm/cmti10.pfb><C:/Program Files/MiKTeX 2.9/fonts/type1/public/amsfonts/cm/cmtt1
0.pfb>
Output written on dissertationv3.pdf (106 pages, 14236203 bytes).
PDF statistics:
 424 PDF objects out of 1000 (max. 8388607)
 0 named destinations out of 1000 (max. 500000)
 211 words of extra memory for PDF output out of 10000 (max. 10000000)

