This is pdfTeX, Version 3.1415926-2.4-1.40.13 (MiKTeX 2.9 64-bit) (preloaded format=pdflatex 2013.10.25)  19 MAR 2014 16:41
entering extended mode
**dissertation_v2.tex

("C:\Users\Ashley\University git\dissertation\dissertation\dissertation\dissert
ation_v2.tex"
LaTeX2e <2011/06/27>
Babel <v3.8m> and hyphenation patterns for english, afrikaans, ancientgreek, ar
abic, armenian, assamese, basque, bengali, bokmal, bulgarian, catalan, coptic, 
croatian, czech, danish, dutch, esperanto, estonian, farsi, finnish, french, ga
lician, german, german-x-2012-05-30, greek, gujarati, hindi, hungarian, iceland
ic, indonesian, interlingua, irish, italian, kannada, kurmanji, latin, latvian,
 lithuanian, malayalam, marathi, mongolian, mongolianlmc, monogreek, ngerman, n
german-x-2012-05-30, nynorsk, oriya, panjabi, pinyin, polish, portuguese, roman
ian, russian, sanskrit, serbian, slovak, slovenian, spanish, swedish, swissgerm
an, tamil, telugu, turkish, turkmen, ukenglish, ukrainian, uppersorbian, usengl
ishmax, welsh, loaded.
("C:\Program Files\MiKTeX 2.9\tex\latex\base\report.cls"
Document Class: report 2007/10/19 v1.4h Standard LaTeX document class
("C:\Program Files\MiKTeX 2.9\tex\latex\base\size11.clo"
File: size11.clo 2007/10/19 v1.4h Standard LaTeX file (size option)
)
\c@part=\count79
\c@chapter=\count80
\c@section=\count81
\c@subsection=\count82
\c@subsubsection=\count83
\c@paragraph=\count84
\c@subparagraph=\count85
\c@figure=\count86
\c@table=\count87
\abovecaptionskip=\skip41
\belowcaptionskip=\skip42
\bibindent=\dimen102
)
("C:\Program Files\MiKTeX 2.9\tex\latex\preprint\fullpage.sty"
Package: fullpage 1999/02/23 1.1 (PWD)
\FP@margin=\skip43
)
("C:\Program Files\MiKTeX 2.9\tex\latex\graphics\graphicx.sty"
Package: graphicx 1999/02/16 v1.0f Enhanced LaTeX Graphics (DPC,SPQR)

("C:\Program Files\MiKTeX 2.9\tex\latex\graphics\keyval.sty"
Package: keyval 1999/03/16 v1.13 key=value parser (DPC)
\KV@toks@=\toks14
)
("C:\Program Files\MiKTeX 2.9\tex\latex\graphics\graphics.sty"
Package: graphics 2009/02/05 v1.0o Standard LaTeX Graphics (DPC,SPQR)

("C:\Program Files\MiKTeX 2.9\tex\latex\graphics\trig.sty"
Package: trig 1999/03/16 v1.09 sin cos tan (DPC)
)
("C:\Program Files\MiKTeX 2.9\tex\latex\00miktex\graphics.cfg"
File: graphics.cfg 2007/01/18 v1.5 graphics configuration of teTeX/TeXLive
)
Package graphics Info: Driver file: pdftex.def on input line 91.

("C:\Program Files\MiKTeX 2.9\tex\latex\pdftex-def\pdftex.def"
File: pdftex.def 2011/05/27 v0.06d Graphics/color for pdfTeX

("C:\Program Files\MiKTeX 2.9\tex\generic\oberdiek\infwarerr.sty"
Package: infwarerr 2010/04/08 v1.3 Providing info/warning/error messages (HO)
)
("C:\Program Files\MiKTeX 2.9\tex\generic\oberdiek\ltxcmds.sty"
Package: ltxcmds 2011/11/09 v1.22 LaTeX kernel commands for general use (HO)
)
\Gread@gobject=\count88
))
\Gin@req@height=\dimen103
\Gin@req@width=\dimen104
)
("C:\Program Files\MiKTeX 2.9\tex\latex\float\float.sty"
Package: float 2001/11/08 v1.3d Float enhancements (AL)
\c@float@type=\count89
\float@exts=\toks15
\float@box=\box26
\@float@everytoks=\toks16
\@floatcapt=\box27
)
\@float@every@table=\toks17

("C:\Users\Ashley\University git\dissertation\dissertation\dissertation\dissert
ation_v2.aux")
LaTeX Font Info:    Checking defaults for OML/cmm/m/it on input line 6.
LaTeX Font Info:    ... okay on input line 6.
LaTeX Font Info:    Checking defaults for T1/cmr/m/n on input line 6.
LaTeX Font Info:    ... okay on input line 6.
LaTeX Font Info:    Checking defaults for OT1/cmr/m/n on input line 6.
LaTeX Font Info:    ... okay on input line 6.
LaTeX Font Info:    Checking defaults for OMS/cmsy/m/n on input line 6.
LaTeX Font Info:    ... okay on input line 6.
LaTeX Font Info:    Checking defaults for OMX/cmex/m/n on input line 6.
LaTeX Font Info:    ... okay on input line 6.
LaTeX Font Info:    Checking defaults for U/cmr/m/n on input line 6.
LaTeX Font Info:    ... okay on input line 6.
 ("C:\Program Files\MiKTeX 2.9\tex\context\base\supp-pdf.mkii"
[Loading MPS to PDF converter (version 2006.09.02).]
\scratchcounter=\count90
\scratchdimen=\dimen105
\scratchbox=\box28
\nofMPsegments=\count91
\nofMParguments=\count92
\everyMPshowfont=\toks18
\MPscratchCnt=\count93
\MPscratchDim=\dimen106
\MPnumerator=\count94
\makeMPintoPDFobject=\count95
\everyMPtoPDFconversion=\toks19
)
LaTeX Font Info:    External font `cmex10' loaded for size
(Font)              <12> on input line 10.
LaTeX Font Info:    External font `cmex10' loaded for size
(Font)              <8> on input line 10.
LaTeX Font Info:    External font `cmex10' loaded for size
(Font)              <6> on input line 10.
 [1

{C:/ProgramData/MiKTeX/2.9/pdftex/config/pdftex.map}] [1]
("C:\Users\Ashley\University git\dissertation\dissertation\dissertation\dissert
ation_v2.toc"
LaTeX Font Info:    External font `cmex10' loaded for size
(Font)              <10.95> on input line 2.
)
\tf@toc=\write3
 [2

]
Chapter 1.

Underfull \hbox (badness 10000) in paragraph at lines 34--34
[]\OT1/cmr/m/n/10.95 Proposal
 []


Underfull \hbox (badness 10000) in paragraph at lines 37--37
[]\OT1/cmr/m/n/10.95 Online
 []


Underfull \hbox (badness 4328) in paragraph at lines 37--37
[]\OT1/cmr/m/n/10.95 Online sys-tem to im-prove
 []


Underfull \hbox (badness 10000) in paragraph at lines 38--39
[]\OT1/cmr/m/n/10.95 Seamless com-mu-ni-ca-
 []


Underfull \hbox (badness 2662) in paragraph at lines 38--39
\OT1/cmr/m/n/10.95 tion be-tween doc-tors,
 []


Underfull \hbox (badness 10000) in paragraph at lines 38--39
\OT1/cmr/m/n/10.95 teach-ers and car-ers
 []


Underfull \hbox (badness 6741) in paragraph at lines 38--39
\OT1/cmr/m/n/10.95 which is prob-lem-atic
 []


Underfull \hbox (badness 2012) in paragraph at lines 43--44
[]\OT1/cmr/m/n/10.95 Relies too heav-ily on
 []


Underfull \hbox (badness 10000) in paragraph at lines 43--44
\OT1/cmr/m/n/10.95 par-ents/carers be-ing
 []


Underfull \hbox (badness 6559) in paragraph at lines 44--45
[]\OT1/cmr/m/n/10.95 May be dif-fi-cult for
 []


Underfull \hbox (badness 1253) in paragraph at lines 49--49
\OT1/cmr/m/n/10.95 autis-tic users to trial var-i-
 []


Underfull \hbox (badness 10000) in paragraph at lines 58--58
[]\OT1/cmr/m/n/10.95 Dynamic
 []


Underfull \hbox (badness 10000) in paragraph at lines 58--58
\OT1/cmr/m/n/10.95 sched-uler
 []


Underfull \hbox (badness 2865) in paragraph at lines 58--58
[]\OT1/cmr/m/n/10.95 A plan-ner that would re-
 []


Underfull \hbox (badness 2894) in paragraph at lines 59--60
[]\OT1/cmr/m/n/10.95 No plan-ners avail-able
 []


Underfull \hbox (badness 10000) in paragraph at lines 59--60
\OT1/cmr/m/n/10.95 plan-ning/executive
 []


Underfull \hbox (badness 7203) in paragraph at lines 59--60
\OT1/cmr/m/n/10.95 func-tion-ing dif-fi-cul-ties
 []


Overfull \hbox (5.0229pt too wide) in paragraph at lines 64--64
[]\OT1/cmr/m/n/10.95 Environment
 []


Underfull \hbox (badness 10000) in paragraph at lines 75--75
[]\OT1/cmr/m/n/10.95 Autism
 []


Underfull \hbox (badness 3525) in paragraph at lines 75--75
[]\OT1/cmr/m/n/10.95 A 3D vir-tual en-vi-ron-ment
 []


Underfull \hbox (badness 10000) in paragraph at lines 80--81
[]\OT1/cmr/m/n/10.95 Misunderstanding
 []


Underfull \hbox (badness 10000) in paragraph at lines 81--82
[]\OT1/cmr/m/n/10.95 Could be ex-
 []


Underfull \hbox (badness 5388) in paragraph at lines 81--82
\OT1/cmr/m/n/10.95 as-pects such as
 []


Underfull \hbox (badness 10000) in paragraph at lines 81--82
\OT1/cmr/m/n/10.95 teacher's train-
 []


Underfull \hbox (badness 10000) in paragraph at lines 81--82
\OT1/cmr/m/n/10.95 ing which is
 []


Underfull \hbox (badness 1571) in paragraph at lines 88--89
[]\OT1/cmr/m/n/10.95 Big project given the
 []


Overfull \hbox (61.9418pt too wide) in paragraph at lines 32--95
[][] 
 []

[3

]
Overfull \vbox (149.81607pt too high) has occurred while \output is active []


[4]
Underfull \hbox (badness 10000) in paragraph at lines 109--109
[]\OT1/cmr/m/n/10.95 PHD stu-dent and
 []


Underfull \hbox (badness 10000) in paragraph at lines 109--109
\OT1/cmr/m/n/10.95 project su-per-vi-sor
 []


Underfull \hbox (badness 10000) in paragraph at lines 109--109
\OT1/cmr/m/n/10.95 for in-for-mat-ics UG4
 []


Underfull \hbox (badness 1173) in paragraph at lines 109--109
\OT1/cmr/m/n/10.95 projects at Ed-in-burgh
 []


Underfull \hbox (badness 10000) in paragraph at lines 110--110
\OT1/cmr/m/n/10.95 with ASD/ADHD.
 []


Underfull \hbox (badness 10000) in paragraph at lines 110--110
\OT1/cmr/m/n/10.95 Works pro-fes-sion-ally
 []


Underfull \hbox (badness 7963) in paragraph at lines 110--110
\OT1/cmr/m/n/10.95 dis-abil-i-ties and their
 []


Overfull \hbox (17.03629pt too wide) in paragraph at lines 106--115
[][] 
 []

[5] [6]
Chapter 2.

LaTeX Warning: Citation `blah' on page 7 undefined on input line 138.

[7

]
Underfull \hbox (badness 1448) in paragraph at lines 172--173
\OT1/cmr/m/n/10.95 pres-sure by crawl-ing un-der
 []


Underfull \hbox (badness 4505) in paragraph at lines 176--176
[]\OT1/cmr/m/n/10.95 Difficulty with walk-ing or
 []

[8] [9] [10]
Underfull \hbox (badness 10000) in paragraph at lines 242--244

 []

[11] [12]
Chapter 3.
[13

]
LaTeX Font Info:    Try loading font information for OMS+cmr on input line 318.

 ("C:\Program Files\MiKTeX 2.9\tex\latex\base\omscmr.fd"
File: omscmr.fd 1999/05/25 v2.5h Standard LaTeX font definitions
)
LaTeX Font Info:    Font shape `OMS/cmr/m/n' in size <10.95> not available
(Font)              Font shape `OMS/cmsy/m/n' tried instead on input line 318.
 [14]
<images/GD_basic.jpg, id=55, 900.36375pt x 647.41875pt>
File: images/GD_basic.jpg Graphic file (type jpg)

<use images/GD_basic.jpg>
Package pdftex.def Info: images/GD_basic.jpg used on input line 345.
(pdftex.def)             Requested size: 256.0748pt x 184.13098pt.
 [15]
<images/GD_moresound.jpg, id=59, 900.36375pt x 647.41875pt>
File: images/GD_moresound.jpg Graphic file (type jpg)

<use images/GD_moresound.jpg>
Package pdftex.def Info: images/GD_moresound.jpg used on input line 352.
(pdftex.def)             Requested size: 256.0748pt x 184.13098pt.

<images/GD_overload.jpg, id=60, 900.36375pt x 647.41875pt>
File: images/GD_overload.jpg Graphic file (type jpg)

<use images/GD_overload.jpg>
Package pdftex.def Info: images/GD_overload.jpg used on input line 359.
(pdftex.def)             Requested size: 256.0748pt x 184.13098pt.
 [16 <C:/Users/Ashley/University git/dissertation/dissertation/dissertation/ima
ges/GD_basic.jpg> <C:/Users/Ashley/University git/dissertation/dissertation/dis
sertation/images/GD_moresound.jpg>] [17 <C:/Users/Ashley/University git/dissert
ation/dissertation/dissertation/images/GD_overload.jpg>]
Underfull \hbox (badness 10000) in paragraph at lines 402--404

 []

[18] [19]
Chapter 4.
[20

]
Chapter 5.
[21

]
Underfull \hbox (badness 2435) in paragraph at lines 462--463
[]\OT1/cmr/m/n/10.95 Sensory cor-re-lates of dif-fi-cult tem-per-a-ment char-ac
-ter-is-tics in preschool chil-dren with
 []

[22

]
Missing character: There is no â in font cmr10!
Missing character: There is no € in font cmr10!
Missing character: There is no ™ in font cmr10!

Overfull \hbox (52.1044pt too wide) in paragraph at lines 501--502
[]\OT1/cmr/m/n/10.95 Disability aware-ness: Be-yond the day: http://www.service
andinclusion.org/index.php?page=simulations.
 []

[23]
("C:\Users\Ashley\University git\dissertation\dissertation\dissertation\dissert
ation_v2.aux")

LaTeX Warning: There were undefined references.

 ) 
Here is how much of TeX's memory you used:
 1304 strings out of 493921
 17837 string characters out of 3147278
 75921 words of memory out of 3000000
 4621 multiletter control sequences out of 15000+200000
 10023 words of font info for 35 fonts, out of 3000000 for 9000
 841 hyphenation exceptions out of 8191
 27i,13n,19p,1245b,299s stack positions out of 5000i,500n,10000p,200000b,50000s
<C:/Program Files/MiKTeX 2.9/fonts/type1/public/amsfonts/cm/cmbx10.pfb><C:/Pr
ogram Files/MiKTeX 2.9/fonts/type1/public/amsfonts/cm/cmbx12.pfb><C:/Program Fi
les/MiKTeX 2.9/fonts/type1/public/amsfonts/cm/cmr10.pfb><C:/Program Files/MiKTe
X 2.9/fonts/type1/public/amsfonts/cm/cmr12.pfb><C:/Program Files/MiKTeX 2.9/fon
ts/type1/public/amsfonts/cm/cmr17.pfb><C:/Program Files/MiKTeX 2.9/fonts/type1/
public/amsfonts/cm/cmsy10.pfb>
Output written on dissertation_v2.pdf (24 pages, 342317 bytes).
PDF statistics:
 106 PDF objects out of 1000 (max. 8388607)
 0 named destinations out of 1000 (max. 500000)
 16 words of extra memory for PDF output out of 10000 (max. 10000000)

