This is pdfTeX, Version 3.1415926-2.4-1.40.13 (MiKTeX 2.9 64-bit) (preloaded format=pdflatex 2013.10.25)  31 MAR 2014 19:04
entering extended mode
**formative.tex

("C:\Users\Ashley\University git\dissertation\dissertation\dissertation\formati
ve.tex"
LaTeX2e <2011/06/27>
Babel <v3.8m> and hyphenation patterns for english, afrikaans, ancientgreek, ar
abic, armenian, assamese, basque, bengali, bokmal, bulgarian, catalan, coptic, 
croatian, czech, danish, dutch, esperanto, estonian, farsi, finnish, french, ga
lician, german, german-x-2012-05-30, greek, gujarati, hindi, hungarian, iceland
ic, indonesian, interlingua, irish, italian, kannada, kurmanji, latin, latvian,
 lithuanian, malayalam, marathi, mongolian, mongolianlmc, monogreek, ngerman, n
german-x-2012-05-30, nynorsk, oriya, panjabi, pinyin, polish, portuguese, roman
ian, russian, sanskrit, serbian, slovak, slovenian, spanish, swedish, swissgerm
an, tamil, telugu, turkish, turkmen, ukenglish, ukrainian, uppersorbian, usengl
ishmax, welsh, loaded.
("C:\Program Files\MiKTeX 2.9\tex\latex\base\report.cls"
Document Class: report 2007/10/19 v1.4h Standard LaTeX document class
("C:\Program Files\MiKTeX 2.9\tex\latex\base\size11.clo"
File: size11.clo 2007/10/19 v1.4h Standard LaTeX file (size option)
)
\c@part=\count79
\c@chapter=\count80
\c@section=\count81
\c@subsection=\count82
\c@subsubsection=\count83
\c@paragraph=\count84
\c@subparagraph=\count85
\c@figure=\count86
\c@table=\count87
\abovecaptionskip=\skip41
\belowcaptionskip=\skip42
\bibindent=\dimen102
)
("C:\Program Files\MiKTeX 2.9\tex\latex\preprint\fullpage.sty"
Package: fullpage 1999/02/23 1.1 (PWD)
\FP@margin=\skip43
)
("C:\Program Files\MiKTeX 2.9\tex\latex\graphics\graphicx.sty"
Package: graphicx 1999/02/16 v1.0f Enhanced LaTeX Graphics (DPC,SPQR)

("C:\Program Files\MiKTeX 2.9\tex\latex\graphics\keyval.sty"
Package: keyval 1999/03/16 v1.13 key=value parser (DPC)
\KV@toks@=\toks14
)
("C:\Program Files\MiKTeX 2.9\tex\latex\graphics\graphics.sty"
Package: graphics 2009/02/05 v1.0o Standard LaTeX Graphics (DPC,SPQR)

("C:\Program Files\MiKTeX 2.9\tex\latex\graphics\trig.sty"
Package: trig 1999/03/16 v1.09 sin cos tan (DPC)
)
("C:\Program Files\MiKTeX 2.9\tex\latex\00miktex\graphics.cfg"
File: graphics.cfg 2007/01/18 v1.5 graphics configuration of teTeX/TeXLive
)
Package graphics Info: Driver file: pdftex.def on input line 91.

("C:\Program Files\MiKTeX 2.9\tex\latex\pdftex-def\pdftex.def"
File: pdftex.def 2011/05/27 v0.06d Graphics/color for pdfTeX

("C:\Program Files\MiKTeX 2.9\tex\generic\oberdiek\infwarerr.sty"
Package: infwarerr 2010/04/08 v1.3 Providing info/warning/error messages (HO)
)
("C:\Program Files\MiKTeX 2.9\tex\generic\oberdiek\ltxcmds.sty"
Package: ltxcmds 2011/11/09 v1.22 LaTeX kernel commands for general use (HO)
)
\Gread@gobject=\count88
))
\Gin@req@height=\dimen103
\Gin@req@width=\dimen104
)
("C:\Program Files\MiKTeX 2.9\tex\latex\float\float.sty"
Package: float 2001/11/08 v1.3d Float enhancements (AL)
\c@float@type=\count89
\float@exts=\toks15
\float@box=\box26
\@float@everytoks=\toks16
\@floatcapt=\box27
)
\@float@every@table=\toks17

("C:\Program Files\MiKTeX 2.9\tex\latex\ltxmisc\url.sty"
\Urlmuskip=\muskip10
Package: url 2006/04/12  ver 3.3  Verb mode for urls, etc.
)
("C:\Program Files\MiKTeX 2.9\tex\latex\appendix\appendix.sty"
Package: appendix 2009/09/02 v1.2b extra appendix facilities
\c@@pps=\count90
\c@@ppsavesec=\count91
\c@@ppsaveapp=\count92
)
("C:\Program Files\MiKTeX 2.9\tex\latex\listings\listings.sty"
\lst@mode=\count93
\lst@gtempboxa=\box28
\lst@token=\toks18
\lst@length=\count94
\lst@currlwidth=\dimen105
\lst@column=\count95
\lst@pos=\count96
\lst@lostspace=\dimen106
\lst@width=\dimen107
\lst@newlines=\count97
\lst@lineno=\count98
\lst@maxwidth=\dimen108

("C:\Program Files\MiKTeX 2.9\tex\latex\listings\lstmisc.sty"
File: lstmisc.sty 2007/02/22 1.4 (Carsten Heinz)
\c@lstnumber=\count99
\lst@skipnumbers=\count100
\lst@framebox=\box29
)
("C:\Program Files\MiKTeX 2.9\tex\latex\listings\listings.cfg"
File: listings.cfg 2007/02/22 1.4 listings configuration
))
Package: listings 2007/02/22 1.4 (Carsten Heinz)

("C:\Users\Ashley\University git\dissertation\dissertation\dissertation\formati
ve.aux")
LaTeX Font Info:    Checking defaults for OML/cmm/m/it on input line 9.
LaTeX Font Info:    ... okay on input line 9.
LaTeX Font Info:    Checking defaults for T1/cmr/m/n on input line 9.
LaTeX Font Info:    ... okay on input line 9.
LaTeX Font Info:    Checking defaults for OT1/cmr/m/n on input line 9.
LaTeX Font Info:    ... okay on input line 9.
LaTeX Font Info:    Checking defaults for OMS/cmsy/m/n on input line 9.
LaTeX Font Info:    ... okay on input line 9.
LaTeX Font Info:    Checking defaults for OMX/cmex/m/n on input line 9.
LaTeX Font Info:    ... okay on input line 9.
LaTeX Font Info:    Checking defaults for U/cmr/m/n on input line 9.
LaTeX Font Info:    ... okay on input line 9.
 ("C:\Program Files\MiKTeX 2.9\tex\context\base\supp-pdf.mkii"
[Loading MPS to PDF converter (version 2006.09.02).]
\scratchcounter=\count101
\scratchdimen=\dimen109
\scratchbox=\box30
\nofMPsegments=\count102
\nofMParguments=\count103
\everyMPshowfont=\toks19
\MPscratchCnt=\count104
\MPscratchDim=\dimen110
\MPnumerator=\count105
\makeMPintoPDFobject=\count106
\everyMPtoPDFconversion=\toks20
)
\c@lstlisting=\count107

Chapter 1.
LaTeX Font Info:    External font `cmex10' loaded for size
(Font)              <10.95> on input line 31.
LaTeX Font Info:    External font `cmex10' loaded for size
(Font)              <8> on input line 31.
LaTeX Font Info:    External font `cmex10' loaded for size
(Font)              <6> on input line 31.

Overfull \hbox (61.9418pt too wide) in paragraph at lines 31--46
[][]
 []

[1


{C:/ProgramData/MiKTeX/2.9/pdftex/config/pdftex.map}] [2] [3] [4] [5]
[6]
Underfull \hbox (badness 10000) in paragraph at lines 201--201
[]\OT1/cmr/m/n/10.95 Prior autism
 []


Underfull \hbox (badness 10000) in paragraph at lines 201--201
[]\OT1/cmr/m/n/10.95 Later autism
 []


Underfull \hbox (badness 1867) in paragraph at lines 204--204
[]\OT1/cmr/m/n/10.95 Controls in-tu-itive but
 []


Underfull \hbox (badness 10000) in paragraph at lines 204--204
\OT1/cmr/m/n/10.95 dif-fi-culty in-ter-act-ing
 []


Underfull \hbox (badness 10000) in paragraph at lines 205--205
[]\OT1/cmr/m/n/10.95 Sensory over-
 []


Underfull \hbox (badness 2318) in paragraph at lines 205--205
\OT1/cmr/m/n/10.95 loads caused by
 []


Underfull \hbox (badness 4492) in paragraph at lines 205--205
\OT1/cmr/m/n/10.95 proach the sit-u-a-tions
 []


Underfull \hbox (badness 1210) in paragraph at lines 205--205
\OT1/cmr/m/n/10.95 and what I could do
 []


Underfull \hbox (badness 10000) in paragraph at lines 206--206
[]\OT1/cmr/m/n/10.95 Sensory dif-fi-cul-
 []


Underfull \hbox (badness 10000) in paragraph at lines 207--207
[]\OT1/cmr/m/n/10.95 Sensory over-
 []


Underfull \hbox (badness 10000) in paragraph at lines 207--207
\OT1/cmr/m/n/10.95 loads. Melt-
 []


Underfull \hbox (badness 7415) in paragraph at lines 208--208
\OT1/cmr/m/n/10.95 hard to un-der-
 []


Underfull \hbox (badness 10000) in paragraph at lines 209--209
\OT1/cmr/m/n/10.95 fort-able around
 []


Underfull \hbox (badness 10000) in paragraph at lines 209--209
\OT1/cmr/m/n/10.95 peo-ple, loud
 []


Underfull \hbox (badness 10000) in paragraph at lines 209--209
\OT1/cmr/m/n/10.95 noises, bright
 []


Underfull \hbox (badness 10000) in paragraph at lines 210--210
[]\OT1/cmr/m/n/10.95 Affects abil-ity
 []


Underfull \hbox (badness 2134) in paragraph at lines 210--210
\OT1/cmr/m/n/10.95 pe-ri-ods of time.
 []


Underfull \hbox (badness 5771) in paragraph at lines 210--210
\OT1/cmr/m/n/10.95 in a way that
 []


Underfull \hbox (badness 5711) in paragraph at lines 210--210
\OT1/cmr/m/n/10.95 causes them to
 []


Underfull \hbox (badness 4291) in paragraph at lines 210--210
[]\OT1/cmr/m/n/10.95 Sensor over-loads
 []


Underfull \hbox (badness 1789) in paragraph at lines 210--210
\OT1/cmr/m/n/10.95 au-di-tory or tac-
 []


Underfull \hbox (badness 10000) in paragraph at lines 211--211
[]\OT1/cmr/m/n/10.95 Aspergers is a
 []


Underfull \hbox (badness 10000) in paragraph at lines 211--211
[]\OT1/cmr/m/n/10.95 Visual dis-tur-
 []


Underfull \hbox (badness 10000) in paragraph at lines 211--211
\OT1/cmr/m/n/10.95 bances due to
 []


Underfull \hbox (badness 10000) in paragraph at lines 211--211
\OT1/cmr/m/n/10.95 re-sponse of a
 []


Overfull \hbox (29.03627pt too wide) in paragraph at lines 199--214
[][] 
 []

[7] [8] [9] [10]
("C:\Users\Ashley\University git\dissertation\dissertation\dissertation\formati
ve.aux") ) 
Here is how much of TeX's memory you used:
 2578 strings out of 493921
 36080 string characters out of 3147278
 99011 words of memory out of 3000000
 5889 multiletter control sequences out of 15000+200000
 8502 words of font info for 30 fonts, out of 3000000 for 9000
 841 hyphenation exceptions out of 8191
 27i,9n,32p,945b,219s stack positions out of 5000i,500n,10000p,200000b,50000s
<C:/Program Files/MiKTeX 2.9/fonts/type1/public/amsfonts/cm/cmbx12.pf
b><C:/Program Files/MiKTeX 2.9/fonts/type1/public/amsfonts/cm/cmr10.pfb>
Output written on formative.pdf (10 pages, 61863 bytes).
PDF statistics:
 43 PDF objects out of 1000 (max. 8388607)
 0 named destinations out of 1000 (max. 500000)
 1 words of extra memory for PDF output out of 10000 (max. 10000000)

