This is pdfTeX, Version 3.1415926-2.4-1.40.13 (MiKTeX 2.9 64-bit) (preloaded format=pdflatex 2013.10.25)  27 MAR 2014 07:32
entering extended mode
**litreview.tex

("C:\Users\Ashley\University git\dissertation\dissertation\dissertation\litrevi
ew.tex"
LaTeX2e <2011/06/27>
Babel <v3.8m> and hyphenation patterns for english, afrikaans, ancientgreek, ar
abic, armenian, assamese, basque, bengali, bokmal, bulgarian, catalan, coptic, 
croatian, czech, danish, dutch, esperanto, estonian, farsi, finnish, french, ga
lician, german, german-x-2012-05-30, greek, gujarati, hindi, hungarian, iceland
ic, indonesian, interlingua, irish, italian, kannada, kurmanji, latin, latvian,
 lithuanian, malayalam, marathi, mongolian, mongolianlmc, monogreek, ngerman, n
german-x-2012-05-30, nynorsk, oriya, panjabi, pinyin, polish, portuguese, roman
ian, russian, sanskrit, serbian, slovak, slovenian, spanish, swedish, swissgerm
an, tamil, telugu, turkish, turkmen, ukenglish, ukrainian, uppersorbian, usengl
ishmax, welsh, loaded.
("C:\Program Files\MiKTeX 2.9\tex\latex\base\report.cls"
Document Class: report 2007/10/19 v1.4h Standard LaTeX document class
("C:\Program Files\MiKTeX 2.9\tex\latex\base\size11.clo"
File: size11.clo 2007/10/19 v1.4h Standard LaTeX file (size option)
)
\c@part=\count79
\c@chapter=\count80
\c@section=\count81
\c@subsection=\count82
\c@subsubsection=\count83
\c@paragraph=\count84
\c@subparagraph=\count85
\c@figure=\count86
\c@table=\count87
\abovecaptionskip=\skip41
\belowcaptionskip=\skip42
\bibindent=\dimen102
)
("C:\Program Files\MiKTeX 2.9\tex\latex\preprint\fullpage.sty"
Package: fullpage 1999/02/23 1.1 (PWD)
\FP@margin=\skip43
)
("C:\Program Files\MiKTeX 2.9\tex\latex\graphics\graphicx.sty"
Package: graphicx 1999/02/16 v1.0f Enhanced LaTeX Graphics (DPC,SPQR)

("C:\Program Files\MiKTeX 2.9\tex\latex\graphics\keyval.sty"
Package: keyval 1999/03/16 v1.13 key=value parser (DPC)
\KV@toks@=\toks14
)
("C:\Program Files\MiKTeX 2.9\tex\latex\graphics\graphics.sty"
Package: graphics 2009/02/05 v1.0o Standard LaTeX Graphics (DPC,SPQR)

("C:\Program Files\MiKTeX 2.9\tex\latex\graphics\trig.sty"
Package: trig 1999/03/16 v1.09 sin cos tan (DPC)
)
("C:\Program Files\MiKTeX 2.9\tex\latex\00miktex\graphics.cfg"
File: graphics.cfg 2007/01/18 v1.5 graphics configuration of teTeX/TeXLive
)
Package graphics Info: Driver file: pdftex.def on input line 91.

("C:\Program Files\MiKTeX 2.9\tex\latex\pdftex-def\pdftex.def"
File: pdftex.def 2011/05/27 v0.06d Graphics/color for pdfTeX

("C:\Program Files\MiKTeX 2.9\tex\generic\oberdiek\infwarerr.sty"
Package: infwarerr 2010/04/08 v1.3 Providing info/warning/error messages (HO)
)
("C:\Program Files\MiKTeX 2.9\tex\generic\oberdiek\ltxcmds.sty"
Package: ltxcmds 2011/11/09 v1.22 LaTeX kernel commands for general use (HO)
)
\Gread@gobject=\count88
))
\Gin@req@height=\dimen103
\Gin@req@width=\dimen104
)
("C:\Program Files\MiKTeX 2.9\tex\latex\float\float.sty"
Package: float 2001/11/08 v1.3d Float enhancements (AL)
\c@float@type=\count89
\float@exts=\toks15
\float@box=\box26
\@float@everytoks=\toks16
\@floatcapt=\box27
)
\@float@every@table=\toks17

("C:\Program Files\MiKTeX 2.9\tex\latex\ltxmisc\url.sty"
\Urlmuskip=\muskip10
Package: url 2006/04/12  ver 3.3  Verb mode for urls, etc.
)
("C:\Users\Ashley\University git\dissertation\dissertation\dissertation\litrevi
ew.aux"

LaTeX Warning: Label `autisim1' multiply defined.


LaTeX Warning: Label `autisim1' multiply defined.


LaTeX Warning: Label `autisim1' multiply defined.

)
LaTeX Font Info:    Checking defaults for OML/cmm/m/it on input line 7.
LaTeX Font Info:    ... okay on input line 7.
LaTeX Font Info:    Checking defaults for T1/cmr/m/n on input line 7.
LaTeX Font Info:    ... okay on input line 7.
LaTeX Font Info:    Checking defaults for OT1/cmr/m/n on input line 7.
LaTeX Font Info:    ... okay on input line 7.
LaTeX Font Info:    Checking defaults for OMS/cmsy/m/n on input line 7.
LaTeX Font Info:    ... okay on input line 7.
LaTeX Font Info:    Checking defaults for OMX/cmex/m/n on input line 7.
LaTeX Font Info:    ... okay on input line 7.
LaTeX Font Info:    Checking defaults for U/cmr/m/n on input line 7.
LaTeX Font Info:    ... okay on input line 7.
 ("C:\Program Files\MiKTeX 2.9\tex\context\base\supp-pdf.mkii"
[Loading MPS to PDF converter (version 2006.09.02).]
\scratchcounter=\count90
\scratchdimen=\dimen105
\scratchbox=\box28
\nofMPsegments=\count91
\nofMParguments=\count92
\everyMPshowfont=\toks18
\MPscratchCnt=\count93
\MPscratchDim=\dimen106
\MPnumerator=\count94
\makeMPintoPDFobject=\count95
\everyMPtoPDFconversion=\toks19
)
LaTeX Font Info:    External font `cmex10' loaded for size
(Font)              <12> on input line 10.
LaTeX Font Info:    External font `cmex10' loaded for size
(Font)              <8> on input line 10.
LaTeX Font Info:    External font `cmex10' loaded for size
(Font)              <6> on input line 10.
 [1

{C:/ProgramData/MiKTeX/2.9/pdftex/config/pdftex.map}]
("C:\Users\Ashley\University git\dissertation\dissertation\dissertation\litrevi
ew.toc"
LaTeX Font Info:    External font `cmex10' loaded for size
(Font)              <10.95> on input line 2.
)
\tf@toc=\write3
 [1

]
Chapter 1.

LaTeX Warning: Citation `nas' on page 2 undefined on input line 16.


LaTeX Warning: Citation `dsm52' on page 2 undefined on input line 18.


LaTeX Warning: Citation `teacherchallenge' on page 2 undefined on input line 18
.


LaTeX Warning: Citation `dsm52' on page 2 undefined on input line 22.


LaTeX Warning: Citation `bayes' on page 2 undefined on input line 24.


LaTeX Warning: Citation `nas' on page 2 undefined on input line 26.


LaTeX Warning: Citation `increasingprevalence' on page 2 undefined on input lin
e 26.


LaTeX Warning: Citation `autism_awareness' on page 2 undefined on input line 26
.


LaTeX Warning: Citation `autism_awareness' on page 2 undefined on input line 26
.

[2

]

LaTeX Warning: Citation `autismmisconception' on page 3 undefined on input line
 28.


LaTeX Warning: Citation `autism_awareness' on page 3 undefined on input line 28
.


LaTeX Warning: Citation `autism_awareness' on page 3 undefined on input line 28
.


LaTeX Warning: Citation `olgab' on page 3 undefined on input line 28.


LaTeX Warning: Citation `nasschool' on page 3 undefined on input line 31.


LaTeX Warning: Citation `sensory_leisure' on page 3 undefined on input line 35.



LaTeX Warning: Citation `bayes' on page 3 undefined on input line 37.


LaTeX Warning: Citation `olgab' on page 3 undefined on input line 37.


Underfull \hbox (badness 1448) in paragraph at lines 51--52
\OT1/cmr/m/n/10.95 pres-sure by crawl-ing un-der
 []


Underfull \hbox (badness 4505) in paragraph at lines 55--55
[]\OT1/cmr/m/n/10.95 Difficulty with walk-ing or
 []

[3]

LaTeX Warning: Citation `olgab' on page 4 undefined on input line 62.


LaTeX Warning: Citation `sensoryexperiences' on page 4 undefined on input line 
62.


LaTeX Warning: Citation `bayes' on page 4 undefined on input line 62.


LaTeX Warning: Citation `temperament' on page 4 undefined on input line 66.


LaTeX Warning: Citation `sensory_overview' on page 4 undefined on input line 66
.


LaTeX Warning: Citation `sensory_overview' on page 4 undefined on input line 66
.


LaTeX Warning: Citation `fears' on page 4 undefined on input line 68.


LaTeX Warning: Citation `fears' on page 4 undefined on input line 68.

[4]

LaTeX Warning: Citation `fears' on page 5 undefined on input line 70.


LaTeX Warning: Citation `minshewmodel' on page 5 undefined on input line 73.


LaTeX Warning: Citation `olgab' on page 5 undefined on input line 77.


LaTeX Warning: Citation `williams1992' on page 5 undefined on input line 79.


LaTeX Warning: Citation `olgab' on page 5 undefined on input line 81.


LaTeX Warning: Citation `olgab' on page 5 undefined on input line 81.


LaTeX Warning: Citation `olgab' on page 5 undefined on input line 83.

[5]
Missing character: There is no â in font cmr10!
Missing character: There is no € in font cmr10!
Missing character: There is no ™ in font cmr10!


LaTeX Warning: Citation `bayes' on page 6 undefined on input line 96.


LaTeX Warning: Citation `bayes' on page 6 undefined on input line 96.


LaTeX Warning: Citation `aspieway' on page 6 undefined on input line 101.

[6]

LaTeX Warning: Citation `aspieway' on page 7 undefined on input line 103.


LaTeX Warning: Citation `aspieway' on page 7 undefined on input line 107.


LaTeX Warning: Citation `nasschool' on page 7 undefined on input line 111.


LaTeX Warning: Citation `statsandfacts' on page 7 undefined on input line 111.


LaTeX Warning: Citation `nasschool' on page 7 undefined on input line 111.


LaTeX Warning: Citation `teachersinclusion' on page 7 undefined on input line 1
11.


LaTeX Warning: Citation `nasschool' on page 7 undefined on input line 114.


LaTeX Warning: Citation `nasschool' on page 7 undefined on input line 118.


LaTeX Warning: Citation `nasschool' on page 7 undefined on input line 121.


LaTeX Warning: Citation `statsandfacts' on page 7 undefined on input line 121.


LaTeX Warning: Citation `nasschool' on page 7 undefined on input line 124.


LaTeX Warning: Citation `meltdowns_goingout' on page 7 undefined on input line 
129.


LaTeX Warning: Citation `meltdowns_goingout' on page 7 undefined on input line 
129.

[7]

LaTeX Warning: Citation `meltdowns_goingout' on page 8 undefined on input line 
131.


LaTeX Warning: Citation `meltdowns_goingout' on page 8 undefined on input line 
131.


LaTeX Warning: Citation `meltdowns_goingout' on page 8 undefined on input line 
131.


LaTeX Warning: Citation `meltdowns_goingout' on page 8 undefined on input line 
131.


LaTeX Warning: Citation `meltdowns_goingout' on page 8 undefined on input line 
133.


LaTeX Warning: Citation `meltdowns_goingout' on page 8 undefined on input line 
133.


LaTeX Warning: Citation `meltdowns_goingout' on page 8 undefined on input line 
135.


LaTeX Warning: Citation `dd' on page 8 undefined on input line 142.

Missing character: There is no â in font cmr10!
Missing character: There is no € in font cmr10!
Missing character: There is no ™ in font cmr10!

LaTeX Warning: Citation `udyslexia' on page 8 undefined on input line 142.

[8]
Underfull \hbox (badness 10000) in paragraph at lines 152--152
[]\OT1/cmr/m/n/10.95 What's it
 []


Underfull \hbox (badness 10000) in paragraph at lines 152--152
\OT1/cmr/m/n/10.95 like be-ing
 []


Underfull \hbox (badness 10000) in paragraph at lines 152--152
[]\OT1/cmr/m/n/10.95 https://www.youtube.com/
 []


Underfull \hbox (badness 10000) in paragraph at lines 153--153
[]\OT1/cmr/m/n/10.95 Depression
 []


Underfull \hbox (badness 10000) in paragraph at lines 153--153
[]\OT1/cmr/m/n/10.95 http://www.beesgo.biz/
 []


Overfull \hbox (7.62975pt too wide) in paragraph at lines 154--154
[]\OT1/cmr/m/n/10.95 http://simdis.jisctechdis.ac.uk/
 []


Overfull \hbox (1.66806pt too wide) in paragraph at lines 155--155
[]\OT1/cmr/m/n/10.95 http://abcnews.go.com/Video
 []


Underfull \hbox (badness 10000) in paragraph at lines 155--155
\OT1/cmr/m/n/10.95 /play-
 []


Overfull \hbox (21.48906pt too wide) in paragraph at lines 147--157
[][] 
 []


LaTeX Warning: Citation `dyslexicsimpar' on page 9 undefined on input line 159.



LaTeX Warning: Citation `dyslexicsimpar' on page 9 undefined on input line 161.


<images/litreview/dsim1.png, id=35, 286.06876pt x 235.63031pt>
File: images/litreview/dsim1.png Graphic file (type png)

<use images/litreview/dsim1.png>
Package pdftex.def Info: images/litreview/dsim1.png used on input line 165.
(pdftex.def)             Requested size: 256.0748pt x 210.92557pt.
 [9]
<images/litreview/dsim2.png, id=39, 289.83281pt x 201.75375pt>
File: images/litreview/dsim2.png Graphic file (type png)

<use images/litreview/dsim2.png>
Package pdftex.def Info: images/litreview/dsim2.png used on input line 172.
(pdftex.def)             Requested size: 256.0748pt x 178.2642pt.

<images/litreview/dsimresults.png, id=40, 295.1025pt x 239.39438pt>
File: images/litreview/dsimresults.png Graphic file (type png)

<use images/litreview/dsimresults.png>
Package pdftex.def Info: images/litreview/dsimresults.png used on input line 18
1.
(pdftex.def)             Requested size: 256.0748pt x 207.7381pt.
 [10 <C:/Users/Ashley/University git/dissertation/dissertation/dissertation/ima
ges/litreview/dsim1.png> <C:/Users/Ashley/University git/dissertation/dissertat
ion/dissertation/images/litreview/dsim2.png>]

LaTeX Warning: Citation `dd' on page 11 undefined on input line 186.


LaTeX Warning: Citation `dyslexicsimpar' on page 11 undefined on input line 190
.

<images/litreview/autisim1.png, id=44, 359.09157pt x 264.99pt>
File: images/litreview/autisim1.png Graphic file (type png)

<use images/litreview/autisim1.png>
Package pdftex.def Info: images/litreview/autisim1.png used on input line 198.
(pdftex.def)             Requested size: 256.0748pt x 188.9812pt.
 [11 <C:/Users/Ashley/University git/dissertation/dissertation/dissertation/ima
ges/litreview/dsimresults.png>]
<images/litreview/autisim2.png, id=48, 360.59718pt x 263.48438pt>
File: images/litreview/autisim2.png Graphic file (type png)

<use images/litreview/autisim2.png>
Package pdftex.def Info: images/litreview/autisim2.png used on input line 205.
(pdftex.def)             Requested size: 256.0748pt x 187.11139pt.

Overfull \hbox (5.59732pt too wide) in paragraph at lines 215--216
\OT1/cmr/m/n/10.95 un-der-stand autism: http://www.interactingwithautism.com/se
ction/understanding/sensory/1 
 []

[12 <C:/Users/Ashley/University git/dissertation/dissertation/dissertation/imag
es/litreview/autisim1.png> <C:/Users/Ashley/University git/dissertation/dissert
ation/dissertation/images/litreview/autisim2.png>]
Overfull \hbox (141.92496pt too wide) in paragraph at lines 218--219
[]\OT1/cmr/m/n/10.95 Video of sen-sory over-load whilst an in-di-vid-ual is wal
k-ing along a street: https://www.youtube.com/watch?v=plPNhooUUuc 
 []

[13]
("C:\Users\Ashley\University git\dissertation\dissertation\dissertation\litrevi
ew.aux")

LaTeX Warning: There were undefined references.


LaTeX Warning: There were multiply-defined labels.

 ) 
Here is how much of TeX's memory you used:
 1366 strings out of 493921
 18656 string characters out of 3147278
 72987 words of memory out of 3000000
 4680 multiletter control sequences out of 15000+200000
 10023 words of font info for 35 fonts, out of 3000000 for 9000
 841 hyphenation exceptions out of 8191
 27i,9n,19p,1057b,213s stack positions out of 5000i,500n,10000p,200000b,50000s
<C:/Program Files/MiKTeX 2.9/fonts/type1/public/amsfonts/cm/cmbx10.pfb><C:/Pr
ogram Files/MiKTeX 2.9/fonts/type1/public/amsfonts/cm/cmbx12.pfb><C:/Program Fi
les/MiKTeX 2.9/fonts/type1/public/amsfonts/cm/cmr10.pfb><C:/Program Files/MiKTe
X 2.9/fonts/type1/public/amsfonts/cm/cmr12.pfb><C:/Program Files/MiKTeX 2.9/fon
ts/type1/public/amsfonts/cm/cmr17.pfb>
Output written on litreview.pdf (14 pages, 1074599 bytes).
PDF statistics:
 73 PDF objects out of 1000 (max. 8388607)
 0 named destinations out of 1000 (max. 500000)
 26 words of extra memory for PDF output out of 10000 (max. 10000000)

